[2026-03-18 19:49:04] 自动化重绘开始，时间: 2026-03-18 19:49:04
[2026-03-18 19:49:04] 步骤1: 执行数据完整性验证
[2026-03-18 19:49:04] 开始执行: 数据完整性验证
[2026-03-18 19:49:10] ✅ 数据完整性验证 执行成功
[2026-03-18 19:49:10] 输出预览: 🚀 开始执行数据完整性验证...
======================================================================
🔍 数据完整性验证 - 双源数据对比
======================================================================
❌ 东方财富数据获取失败: ('Connec...
[2026-03-18 19:49:10] 步骤2: 获取最新市场数据
[2026-03-18 19:49:10] 开始执行: 获取Tushare Pro数据
[2026-03-18 19:49:10] ✅ 获取Tushare Pro数据 执行成功
[2026-03-18 19:49:10] 输出预览: 
[2026-03-18 19:49:10] 步骤3: 更新估值云图
[2026-03-18 19:49:10] 开始执行: 估值云图更新
[2026-03-18 19:49:11] ✅ 估值云图更新 执行成功
[2026-03-18 19:49:11] 输出预览: 🚀 开始执行估值云图注入...
======================================================================
💎 估值云图注入 - 沪深300估值分析
======================================================================
🔍 获取当前沪深300估值数据...
✅ ...
[2026-03-18 19:49:11] 步骤4: 更新首页数据
[2026-03-18 19:49:11] 开始执行: 首页数据更新
[2026-03-18 19:49:11] ✅ 首页数据更新 执行成功
[2026-03-18 19:49:11] 输出预览: 🚀 开始更新琥珀引擎首页为Tushare Pro数据...
======================================================================
🎯 使用Tushare Pro数据更新琥珀引擎首页
======================================================================
✅ ...
[2026-03-18 19:49:11] 步骤5: 清理Nginx缓存
[2026-03-18 19:49:11] ✅ Nginx缓存清理成功
[2026-03-18 19:49:11] 步骤6: 生成重绘报告
[2026-03-18 19:49:11] 📋 重绘报告已生成: /home/luckyelite/.openclaw/workspace/amber-engine/scripts/../reports/render_report_20260318_1949.md
[2026-03-18 19:49:11] ✅ 自动化重绘流程成功完成
