更新时间: 2026-03-20 21:42:46
========================================
2026-03-20 21:42:46,613 - __main__ - INFO - ✅ 统一数据引擎初始化完成 - 今日: 20260320
2026-03-20 21:42:46,613 - __main__ - INFO -    📈 配置ETF: 15只核心ETF
2026-03-20 21:42:46,614 - __main__ - INFO -    📊 配置: 偏差阈值5.0%, 颜色方案:china_red_up_green_down
2026-03-20 21:42:46,614 - __main__ - INFO - ======================================================================
2026-03-20 21:42:46,614 - __main__ - INFO - 🚀 统一数据引擎启动
2026-03-20 21:42:46,614 - __main__ - INFO - ======================================================================
2026-03-20 21:42:46,614 - __main__ - INFO - 
📡 步骤1: 获取指数数据
2026-03-20 21:42:46,614 - __main__ - INFO - 📡 开始获取指数数据...
2026-03-20 21:42:46,614 - __main__ - INFO -   🔍 获取 沪深300 (000300.SH)...
2026-03-20 21:42:46,826 - __main__ - INFO -     ✅ 沪深300: 4567.0179 (-0.3542%)
2026-03-20 21:42:46,826 - __main__ - INFO -   🔍 获取 创业板指 (399006.SZ)...
2026-03-20 21:42:46,921 - __main__ - INFO -     ✅ 创业板指: 3352.1026 (1.2994%)
2026-03-20 21:42:46,921 - __main__ - INFO - ✅ 指数数据获取完成: 2/2个成功
2026-03-20 21:42:46,921 - __main__ - INFO - 
🔍 步骤2: 数据偏差阈值检查
2026-03-20 21:42:46,921 - __main__ - INFO - 
🔄 步骤3: 更新指数数据表格
2026-03-20 21:42:46,921 - __main__ - INFO -   📊 更新表格行 沪深300: 4567.0179 (-0.3542%)
2026-03-20 21:42:46,922 - __main__ - INFO -   📊 更新表格行 创业板指: 3352.1026 (1.2994%)
2026-03-20 21:42:46,922 - __main__ - INFO -   🕒 更新表格时间: 2026-03-20 21:42:46
2026-03-20 21:42:46,922 - __main__ - INFO - ✅ 指数数据表格更新完成: 2处更新
2026-03-20 21:42:46,922 - __main__ - INFO - 
⏭️  步骤4: 智能卡片已移除 (跳过)
2026-03-20 21:42:46,922 - __main__ - INFO - 
🌍 步骤4.5: 获取宏观和黄金数据
2026-03-20 21:42:46,922 - __main__ - INFO - 📊 开始获取宏观数据...
2026-03-20 21:42:46,922 - __main__ - INFO -   🔍 获取 人民币汇率 (USDCNH)...
2026-03-20 21:42:47,112 - __main__ - INFO -     ✅ 人民币汇率: 6.88281  (+0.12%)
2026-03-20 21:42:47,112 - __main__ - INFO -   🔍 获取 美债10Y收益率 (US10YT)...
2026-03-20 21:42:47,203 - __main__ - INFO -     ✅ 美债10Y收益率: 4.25% (+0.00%, +0.00bps)
2026-03-20 21:42:47,203 - __main__ - INFO - 📊 宏观数据获取完成: 2/2个成功
2026-03-20 21:42:47,203 - __main__ - INFO - 💰 开始获取黄金数据...
2026-03-20 21:42:47,203 - __main__ - INFO -   🔍 获取 国际金价 (XAUUSD.FXCM)...
2026-03-20 21:42:47,390 - __main__ - INFO -     ✅ 国际金价: 4656.05 USD/oz (+0.14%)
2026-03-20 21:42:47,390 - __main__ - INFO -   🔍 获取 国内金价 (AU.SHF)...
2026-03-20 21:42:47,481 - __main__ - INFO -     ✅ 国内金价: 1039.22 CNY/g (-2.15%)
2026-03-20 21:42:47,481 - __main__ - INFO - 💰 黄金数据获取完成: 2/2个成功
2026-03-20 21:42:47,482 - __main__ - INFO -   ✅ 更新人民币汇率: 6.88281 (+0.12%)
2026-03-20 21:42:47,482 - __main__ - INFO -   ✅ 更新美债10Y收益率: 4.25 (+0.00%)
2026-03-20 21:42:47,482 - __main__ - INFO -   ✅ 更新国际金价: 4656.05 (+0.14%)
2026-03-20 21:42:47,483 - __main__ - INFO -   ✅ 更新国内金价: 1039.22 (-2.15%)
2026-03-20 21:42:47,483 - __main__ - INFO - ✅ 宏观四锚更新完成: 4个锚点
2026-03-20 21:42:47,483 - __main__ - INFO -   宏观四锚更新: ✅ 成功
2026-03-20 21:42:47,483 - __main__ - INFO - 
📈 步骤4.75: 获取ETF数据
2026-03-20 21:42:47,483 - __main__ - INFO - 📈 开始获取ETF数据...
2026-03-20 21:42:47,483 - __main__ - INFO -   🔍 获取 沪深300ETF (510300)...
2026-03-20 21:42:47,576 - __main__ - INFO -     ✅ 沪深300ETF: 4.576 (-0.50%), 评分: 9.0
2026-03-20 21:42:47,576 - __main__ - INFO -   🔍 获取 中证500ETF (510500)...
2026-03-20 21:42:47,674 - __main__ - INFO -     ✅ 中证500ETF: 7.812 (-1.67%), 评分: 9.3
2026-03-20 21:42:47,674 - __main__ - INFO -   🔍 获取 上证50ETF (510050)...
2026-03-20 21:42:47,772 - __main__ - INFO -     ✅ 上证50ETF: 2.957 (-1.20%), 评分: 9.0
2026-03-20 21:42:47,772 - __main__ - INFO -   🔍 获取 创业板ETF (159915)...
2026-03-20 21:42:47,865 - __main__ - INFO -     ✅ 创业板ETF: 3.341 (+1.15%), 评分: 8.9
2026-03-20 21:42:47,865 - __main__ - INFO -   🔍 获取 芯片ETF (512760)...
2026-03-20 21:42:47,956 - __main__ - INFO -     ✅ 芯片ETF: 1.644 (-1.79%), 评分: 8.2
2026-03-20 21:42:47,956 - __main__ - INFO -   🔍 获取 证券ETF (512880)...
2026-03-20 21:42:48,048 - __main__ - INFO -     ✅ 证券ETF: 1.083 (-1.63%), 评分: 8.7
2026-03-20 21:42:48,048 - __main__ - INFO -   🔍 获取 券商ETF (512000)...
2026-03-20 21:42:48,143 - __main__ - INFO -     ✅ 券商ETF: 0.517 (-1.52%), 评分: 9.7
2026-03-20 21:42:48,143 - __main__ - INFO -   🔍 获取 红利ETF (510880)...
2026-03-20 21:42:48,236 - __main__ - INFO -     ✅ 红利ETF: 3.296 (-0.27%), 评分: 8.8
2026-03-20 21:42:48,236 - __main__ - INFO -   🔍 获取 军工ETF (512660)...
2026-03-20 21:42:48,328 - __main__ - INFO -     ✅ 军工ETF: 1.325 (-2.79%), 评分: 10.0
2026-03-20 21:42:48,328 - __main__ - INFO -   🔍 获取 医药ETF (512010)...
2026-03-20 21:42:48,422 - __main__ - INFO -     ✅ 医药ETF: 0.362 (-0.82%), 评分: 10.0
2026-03-20 21:42:48,422 - __main__ - INFO -   🔍 获取 银行ETF (512800)...
2026-03-20 21:42:48,518 - __main__ - INFO -     ✅ 银行ETF: 0.797 (-0.25%), 评分: 10.0
2026-03-20 21:42:48,518 - __main__ - INFO -   🔍 获取 消费ETF (159928)...
2026-03-20 21:42:48,618 - __main__ - INFO -     ✅ 消费ETF: 0.764 (-0.78%), 评分: 8.5
2026-03-20 21:42:48,618 - __main__ - INFO -   🔍 获取 芯片ETF (159995)...
2026-03-20 21:42:48,710 - __main__ - INFO -     ✅ 芯片ETF: 1.746 (-1.58%), 评分: 8.4
2026-03-20 21:42:48,710 - __main__ - INFO -   🔍 获取 半导体ETF (512480)...
2026-03-20 21:42:48,800 - __main__ - INFO -     ✅ 半导体ETF: 1.501 (-1.70%), 评分: 9.5
2026-03-20 21:42:48,800 - __main__ - INFO -   🔍 获取 医疗ETF (512170)...
2026-03-20 21:42:48,895 - __main__ - INFO -     ✅ 医疗ETF: 0.326 (-1.81%), 评分: 9.8
2026-03-20 21:42:48,895 - __main__ - INFO - 📈 ETF数据获取完成: 15/15个成功
2026-03-20 21:42:48,895 - __main__ - INFO -   🔧 更新ETF: 沪深300ETF (4.576, -0.50%)
2026-03-20 21:42:48,895 - __main__ - INFO -   🔧 更新ETF: 中证500ETF (7.812, -1.67%)
2026-03-20 21:42:48,896 - __main__ - INFO -   🔧 更新ETF: 上证50ETF (2.957, -1.20%)
2026-03-20 21:42:48,896 - __main__ - INFO -   🔧 更新ETF: 创业板ETF (3.341, 1.15%)
2026-03-20 21:42:48,896 - __main__ - INFO -   🔧 更新ETF: 芯片ETF (1.644, -1.79%)
2026-03-20 21:42:48,896 - __main__ - INFO -   🔧 更新ETF: 证券ETF (1.083, -1.63%)
2026-03-20 21:42:48,896 - __main__ - INFO -   🔧 更新ETF: 券商ETF (0.517, -1.52%)
2026-03-20 21:42:48,896 - __main__ - INFO -   🔧 更新ETF: 红利ETF (3.296, -0.27%)
2026-03-20 21:42:48,896 - __main__ - INFO -   🔧 更新ETF: 医药ETF (0.362, -0.82%)
2026-03-20 21:42:48,897 - __main__ - INFO -   🔧 更新ETF: 半导体ETF (1.501, -1.70%)
2026-03-20 21:42:48,903 - __main__ - INFO - ✅ ETF列表页面更新完成: 15只ETF
2026-03-20 21:42:48,903 - __main__ - INFO -   ETF列表更新: ✅ 成功
2026-03-20 21:42:48,903 - __main__ - INFO - 
💾 步骤5: 保存数据缓存
2026-03-20 21:42:48,915 - __main__ - INFO - ✅ 数据缓存已保存: /home/luckyelite/.openclaw/workspace/amber-engine/output/static/data/unified_data_cache.json
2026-03-20 21:42:48,915 - __main__ - INFO - 
🧹 步骤6: 清理Nginx缓存
2026-03-20 21:42:48,937 - __main__ - INFO - 
======================================================================
2026-03-20 21:42:48,937 - __main__ - INFO - 🎉 统一数据引擎执行完成!
2026-03-20 21:42:48,937 - __main__ - INFO - ======================================================================
2026-03-20 21:42:48,937 - __main__ - INFO - 📊 执行结果:
2026-03-20 21:42:48,937 - __main__ - INFO -   指数数据: 2个成功获取
2026-03-20 21:42:48,938 - __main__ - INFO -   偏差检查: ✅ 正常
2026-03-20 21:42:48,938 - __main__ - INFO -   指数表格: 2处更新
2026-03-20 21:42:48,938 - __main__ - INFO -   智能卡片: ✅ 已更新
2026-03-20 21:42:48,938 - __main__ - INFO -   宏观四锚: ✅ 已更新
2026-03-20 21:42:48,938 - __main__ - INFO -   ETF数据: 15个成功获取，列表更新: ✅ 成功
2026-03-20 21:42:48,938 - __main__ - INFO -   数据缓存: ✅ 已保存
2026-03-20 21:42:48,938 - __main__ - INFO -   更新时间: 2026-03-20 21:42:46
2026-03-20 21:42:48,938 - __main__ - INFO - 
🔗 验证地址: https://amber.googlemanager.cn:10123/?v=3.2.7
2026-03-20 21:42:48,938 - __main__ - INFO - ======================================================================
======================================================================
🚀 P0修复：统一数据引擎启动
======================================================================
目标: 建立Tushare Pro单一权威数据源，消除数据不一致性
======================================================================

======================================================================
🎉 统一数据引擎执行完成!
======================================================================
🟢 沪深300: 4567.0179 (-0.35%)
🔴 创业板指: 3352.1026 (+1.30%)

🕒 更新时间: 2026-03-20 21:42:46
🔗 验证地址: https://amber.googlemanager.cn:10123/
======================================================================

✅ 统一数据引擎执行成功!
📋 修复内容:
  1. ✅ 建立Tushare Pro单一权威数据源
  2. ✅ 指数数据表格化，便于后期拓展
  3. ✅ 应用中国颜色习惯 (红涨绿跌)
  4. ✅ 建立数据缓存机制
  5. ✅ 自动化更新流程
