[2026-03-28 08:13:13] 🩺 开始GitHub健康检查
[2026-03-28 08:13:13] 🔍 检查环境变量...
[2026-03-28 08:13:13] ✅ GITHUB_TOKEN 已设置
[2026-03-28 08:13:13] ✅ GITHUB_REPO 已设置
[2026-03-28 08:13:13] 🌐 检查GitHub API连通性...
[2026-03-28 08:13:15] ✅ GitHub API连通正常 (用户: )
[2026-03-28 08:13:15] 📦 检查仓库状态...
[2026-03-28 08:13:16] ✅ 仓库访问正常:  (私有:  false)
[2026-03-28 08:13:16] 📡 检查网络连接...
[2026-03-28 08:13:16] ✅ GitHub网络连接正常
[2026-03-28 08:13:16] 💾 检查磁盘空间...
[2026-03-28 08:13:16] ✅ 磁盘空间正常: 4%
[2026-03-28 08:13:16] 🔧 检查Git配置...
[2026-03-28 08:13:16] ✅ Git配置正常: Cheese Intelligence Team <cheese@cheese.ai>
[2026-03-28 08:13:16] 🔐 检查脚本权限...
[2026-03-28 08:13:16] ✅ github_sync_safe.sh 权限正确: 755
[2026-03-28 08:13:16] ✅ github_health_check.sh 权限正确: 755
[2026-03-28 08:13:16] 📁 检查目录权限...
[2026-03-28 08:13:16] ✅ scripts 所有者正确: luckyelite:luckyelite
[2026-03-28 08:13:16] ✅ skills 所有者正确: luckyelite:luckyelite
[2026-03-28 08:13:16] ✅ logs 所有者正确: luckyelite:luckyelite
[2026-03-28 08:13:16] ✅ archive 所有者正确: luckyelite:www-data
[2026-03-28 08:13:16] 📋 检查日志文件...
[2026-03-28 08:13:16] ✅ 日志目录正常，最近30天日志文件: 1
[2026-03-28 08:13:16] 🎉 所有健康检查通过！系统状态正常
[2026-03-28 08:13:36] 🩺 开始GitHub健康检查
[2026-03-28 08:13:36] 🔍 检查环境变量...
[2026-03-28 08:13:36] ✅ GITHUB_TOKEN 已设置
[2026-03-28 08:13:36] ✅ GITHUB_REPO 已设置
[2026-03-28 08:13:36] 🌐 检查GitHub API连通性...
[2026-03-28 08:13:37] ✅ GitHub API连通正常 (用户: )
[2026-03-28 08:13:37] 📦 检查仓库状态...
[2026-03-28 08:13:38] ✅ 仓库访问正常:  (私有:  false)
[2026-03-28 08:13:38] 📡 检查网络连接...
[2026-03-28 08:13:38] ✅ GitHub网络连接正常
[2026-03-28 08:13:38] 💾 检查磁盘空间...
[2026-03-28 08:13:38] ✅ 磁盘空间正常: 4%
[2026-03-28 08:13:38] 🔧 检查Git配置...
[2026-03-28 08:13:38] ✅ Git配置正常: Cheese Intelligence Team <cheese@cheese.ai>
[2026-03-28 08:13:38] 🔐 检查脚本权限...
[2026-03-28 08:13:38] ✅ github_sync_safe.sh 权限正确: 755
[2026-03-28 08:13:38] ✅ github_health_check.sh 权限正确: 755
[2026-03-28 08:13:38] 📁 检查目录权限...
[2026-03-28 08:13:38] ✅ scripts 所有者正确: luckyelite:luckyelite
[2026-03-28 08:13:38] ✅ skills 所有者正确: luckyelite:luckyelite
[2026-03-28 08:13:38] ✅ logs 所有者正确: luckyelite:luckyelite
[2026-03-28 08:13:38] ✅ archive 所有者正确: luckyelite:www-data
[2026-03-28 08:13:38] 📋 检查日志文件...
[2026-03-28 08:13:38] ✅ 日志目录正常，最近30天日志文件: 2
[2026-03-28 08:13:38] 🎉 所有健康检查通过！系统状态正常
[2026-03-28 09:23:25] 🩺 开始GitHub健康检查
[2026-03-28 09:23:25] 🔍 检查环境变量...
[2026-03-28 09:23:25] ❌ 缺失环境变量: GITHUB_TOKEN
[2026-03-28 09:23:25] ❌ 缺失环境变量: GITHUB_REPO
[2026-03-28 09:23:25] 🚨 环境变量检查失败
[2026-03-28 09:24:09] 🩺 开始GitHub健康检查
[2026-03-28 09:24:09] 🔍 检查环境变量...
[2026-03-28 09:24:09] ❌ 缺失环境变量: GITHUB_TOKEN
[2026-03-28 09:24:09] ❌ 缺失环境变量: GITHUB_REPO
[2026-03-28 09:24:09] 🚨 环境变量检查失败
[2026-03-28 09:24:17] 🩺 开始GitHub健康检查
[2026-03-28 09:24:17] 🔍 检查环境变量...
[2026-03-28 09:24:17] ✅ GITHUB_TOKEN 已设置
[2026-03-28 09:24:17] ✅ GITHUB_REPO 已设置
[2026-03-28 09:24:17] 🌐 检查GitHub API连通性...
[2026-03-28 09:24:18] ✅ GitHub API连通正常 (用户: )
[2026-03-28 09:24:18] 📦 检查仓库状态...
[2026-03-28 09:24:19] ✅ 仓库访问正常:  (私有:  false)
[2026-03-28 09:24:19] 📡 检查网络连接...
[2026-03-28 09:24:20] ✅ GitHub网络连接正常
[2026-03-28 09:24:20] 💾 检查磁盘空间...
[2026-03-28 09:24:20] ✅ 磁盘空间正常: 4%
[2026-03-28 09:24:20] 🔧 检查Git配置...
[2026-03-28 09:24:20] ✅ Git配置正常: Cheese Intelligence Team <cheese@cheese.ai>
[2026-03-28 09:24:20] 🔐 检查脚本权限...
[2026-03-28 09:24:20] ✅ github_sync_safe.sh 权限正确: 755
[2026-03-28 09:24:20] ✅ github_health_check.sh 权限正确: 755
[2026-03-28 09:24:20] 📁 检查目录权限...
[2026-03-28 09:24:20] ✅ scripts 所有者正确: luckyelite:luckyelite
[2026-03-28 09:24:20] ✅ skills 所有者正确: luckyelite:luckyelite
[2026-03-28 09:24:20] ✅ logs 所有者正确: luckyelite:luckyelite
[2026-03-28 09:24:20] ✅ archive 所有者正确: luckyelite:www-data
[2026-03-28 09:24:20] 📋 检查日志文件...
[2026-03-28 09:24:20] ✅ 日志目录正常，最近30天日志文件: 2
[2026-03-28 09:24:20] 🎉 所有健康检查通过！系统状态正常
[2026-03-28 09:25:38] 🩺 开始GitHub健康检查
[2026-03-28 09:25:38] 🔍 检查环境变量...
[2026-03-28 09:25:38] ✅ GITHUB_TOKEN 已设置
[2026-03-28 09:25:38] ✅ GITHUB_REPO 已设置
[2026-03-28 09:25:38] 🌐 检查GitHub API连通性...
[2026-03-28 09:25:39] ✅ GitHub API连通正常 (用户: )
[2026-03-28 09:25:39] 📦 检查仓库状态...
[2026-03-28 09:25:40] ✅ 仓库访问正常:  (私有:  false)
[2026-03-28 09:25:40] 📡 检查网络连接...
[2026-03-28 09:25:41] ✅ GitHub网络连接正常
[2026-03-28 09:25:41] 💾 检查磁盘空间...
[2026-03-28 09:25:41] ✅ 磁盘空间正常: 4%
[2026-03-28 09:25:41] 🔧 检查Git配置...
[2026-03-28 09:25:41] ✅ Git配置正常: Cheese Intelligence Team <cheese@cheese.ai>
[2026-03-28 09:25:41] 🔐 检查脚本权限...
[2026-03-28 09:25:41] ✅ github_sync_safe.sh 权限正确: 755
[2026-03-28 09:25:41] ✅ github_health_check.sh 权限正确: 755
[2026-03-28 09:25:41] 📁 检查目录权限...
[2026-03-28 09:25:41] ✅ scripts 所有者正确: luckyelite:luckyelite
[2026-03-28 09:25:41] ✅ skills 所有者正确: luckyelite:luckyelite
[2026-03-28 09:25:41] ✅ logs 所有者正确: luckyelite:luckyelite
[2026-03-28 09:25:41] ✅ archive 所有者正确: luckyelite:www-data
[2026-03-28 09:25:41] 📋 检查日志文件...
[2026-03-28 09:25:41] ✅ 日志目录正常，最近30天日志文件: 2
[2026-03-28 09:25:41] 🎉 所有健康检查通过！系统状态正常
[2026-03-28 09:25:49] 🩺 开始GitHub健康检查
[2026-03-28 09:25:49] 🔍 检查环境变量...
[2026-03-28 09:25:49] ✅ GITHUB_TOKEN 已设置
[2026-03-28 09:25:49] ✅ GITHUB_REPO 已设置
[2026-03-28 09:25:49] 🌐 检查GitHub API连通性...
[2026-03-28 09:25:50] ✅ GitHub API连通正常 (用户: )
[2026-03-28 09:25:50] 📦 检查仓库状态...
[2026-03-28 09:25:51] ✅ 仓库访问正常:  (私有:  false)
[2026-03-28 09:25:51] 📡 检查网络连接...
[2026-03-28 09:25:51] ✅ GitHub网络连接正常
[2026-03-28 09:25:51] 💾 检查磁盘空间...
[2026-03-28 09:25:51] ✅ 磁盘空间正常: 4%
[2026-03-28 09:25:51] 🔧 检查Git配置...
[2026-03-28 09:25:51] ✅ Git配置正常: Cheese Intelligence Team <cheese@cheese.ai>
[2026-03-28 09:25:51] 🔐 检查脚本权限...
[2026-03-28 09:25:51] ✅ github_sync_safe.sh 权限正确: 755
[2026-03-28 09:25:51] ✅ github_health_check.sh 权限正确: 755
[2026-03-28 09:25:51] 📁 检查目录权限...
[2026-03-28 09:25:51] ✅ scripts 所有者正确: luckyelite:luckyelite
[2026-03-28 09:25:51] ✅ skills 所有者正确: luckyelite:luckyelite
[2026-03-28 09:25:51] ✅ logs 所有者正确: luckyelite:luckyelite
[2026-03-28 09:25:51] ✅ archive 所有者正确: luckyelite:www-data
[2026-03-28 09:25:51] 📋 检查日志文件...
[2026-03-28 09:25:51] ✅ 日志目录正常，最近30天日志文件: 2
[2026-03-28 09:25:51] 🎉 所有健康检查通过！系统状态正常
[2026-03-28 10:15:46] 🩺 开始GitHub健康检查
[2026-03-28 10:15:46] 🔍 检查环境变量...
[2026-03-28 10:15:46] ✅ GITHUB_TOKEN 已设置
[2026-03-28 10:15:46] ✅ GITHUB_REPO 已设置
[2026-03-28 10:15:46] 🌐 检查GitHub API连通性...
[2026-03-28 10:15:48] ✅ GitHub API连通正常 (用户: )
[2026-03-28 10:15:48] 📦 检查仓库状态...
[2026-03-28 10:15:49] ✅ 仓库访问正常:  (私有:  false)
[2026-03-28 10:15:49] 📡 检查网络连接...
[2026-03-28 10:15:49] ✅ GitHub网络连接正常
[2026-03-28 10:15:49] 💾 检查磁盘空间...
[2026-03-28 10:15:49] ✅ 磁盘空间正常: 4%
[2026-03-28 10:15:49] 🔧 检查Git配置...
[2026-03-28 10:15:49] ✅ Git配置正常: Cheese Intelligence Team <cheese@cheese.ai>
[2026-03-28 10:15:49] 🔐 检查脚本权限...
[2026-03-28 10:15:49] ✅ github_sync_safe.sh 权限正确: 755
[2026-03-28 10:15:49] ✅ github_health_check.sh 权限正确: 755
[2026-03-28 10:15:49] 📁 检查目录权限...
[2026-03-28 10:15:49] ✅ scripts 所有者正确: luckyelite:luckyelite
[2026-03-28 10:15:49] ✅ skills 所有者正确: luckyelite:luckyelite
[2026-03-28 10:15:49] ✅ logs 所有者正确: luckyelite:luckyelite
[2026-03-28 10:15:49] ✅ archive 所有者正确: luckyelite:www-data
[2026-03-28 10:15:49] 📋 检查日志文件...
[2026-03-28 10:15:49] ✅ 日志目录正常，最近30天日志文件: 2
[2026-03-28 10:15:49] 🎉 所有健康检查通过！系统状态正常
[2026-03-28 10:20:36] 🩺 开始GitHub健康检查
[2026-03-28 10:20:36] 🔍 检查环境变量...
[2026-03-28 10:20:36] ✅ GITHUB_TOKEN 已设置
[2026-03-28 10:20:36] ✅ GITHUB_REPO 已设置
[2026-03-28 10:20:36] 🌐 检查GitHub API连通性...
[2026-03-28 10:20:38] ✅ GitHub API连通正常 (用户: )
[2026-03-28 10:20:38] 📦 检查仓库状态...
[2026-03-28 10:20:38] ✅ 仓库访问正常:  (私有:  false)
[2026-03-28 10:20:38] 📡 检查网络连接...
[2026-03-28 10:20:39] ✅ GitHub网络连接正常
[2026-03-28 10:20:39] 💾 检查磁盘空间...
[2026-03-28 10:20:39] ✅ 磁盘空间正常: 4%
[2026-03-28 10:20:39] 🔧 检查Git配置...
[2026-03-28 10:20:39] ✅ Git配置正常: Cheese Intelligence Team <cheese@cheese.ai>
[2026-03-28 10:20:39] 🔐 检查脚本权限...
[2026-03-28 10:20:39] ✅ github_sync_safe.sh 权限正确: 755
[2026-03-28 10:20:39] ✅ github_health_check.sh 权限正确: 755
[2026-03-28 10:20:39] 📁 检查目录权限...
[2026-03-28 10:20:39] ✅ scripts 所有者正确: luckyelite:luckyelite
[2026-03-28 10:20:39] ✅ skills 所有者正确: luckyelite:luckyelite
[2026-03-28 10:20:39] ✅ logs 所有者正确: luckyelite:luckyelite
[2026-03-28 10:20:39] ✅ archive 所有者正确: luckyelite:www-data
[2026-03-28 10:20:39] 📋 检查日志文件...
[2026-03-28 10:20:39] ✅ 日志目录正常，最近30天日志文件: 2
[2026-03-28 10:20:39] 🎉 所有健康检查通过！系统状态正常
[2026-03-28 10:25:08] 🩺 开始GitHub健康检查
[2026-03-28 10:25:08] 🔍 检查环境变量...
[2026-03-28 10:25:08] ✅ GITHUB_TOKEN 已设置
[2026-03-28 10:25:08] ✅ GITHUB_REPO 已设置
[2026-03-28 10:25:08] 🌐 检查GitHub API连通性...
[2026-03-28 10:25:09] ✅ GitHub API连通正常 (用户: )
[2026-03-28 10:25:09] 📦 检查仓库状态...
[2026-03-28 10:25:10] ✅ 仓库访问正常:  (私有:  false)
[2026-03-28 10:25:10] 📡 检查网络连接...
[2026-03-28 10:25:10] ✅ GitHub网络连接正常
[2026-03-28 10:25:10] 💾 检查磁盘空间...
[2026-03-28 10:25:10] ✅ 磁盘空间正常: 4%
[2026-03-28 10:25:10] 🔧 检查Git配置...
[2026-03-28 10:25:10] ✅ Git配置正常: Cheese Intelligence Team <cheese@cheese.ai>
[2026-03-28 10:25:10] 🔐 检查脚本权限...
[2026-03-28 10:25:10] ✅ github_sync_safe.sh 权限正确: 755
[2026-03-28 10:25:10] ✅ github_health_check.sh 权限正确: 755
[2026-03-28 10:25:10] 📁 检查目录权限...
[2026-03-28 10:25:10] ✅ scripts 所有者正确: luckyelite:luckyelite
[2026-03-28 10:25:10] ✅ skills 所有者正确: luckyelite:luckyelite
[2026-03-28 10:25:10] ✅ logs 所有者正确: luckyelite:luckyelite
[2026-03-28 10:25:10] ✅ archive 所有者正确: luckyelite:www-data
[2026-03-28 10:25:10] 📋 检查日志文件...
[2026-03-28 10:25:10] ✅ 日志目录正常，最近30天日志文件: 2
[2026-03-28 10:25:10] 🎉 所有健康检查通过！系统状态正常
[2026-03-28 10:26:02] 🩺 开始GitHub健康检查
[2026-03-28 10:26:02] 🔍 检查环境变量...
[2026-03-28 10:26:02] ✅ GITHUB_TOKEN 已设置
[2026-03-28 10:26:02] ✅ GITHUB_REPO 已设置
[2026-03-28 10:26:02] 🌐 检查GitHub API连通性...
[2026-03-28 10:26:03] ✅ GitHub API连通正常 (用户: )
[2026-03-28 10:26:03] 📦 检查仓库状态...
[2026-03-28 10:26:04] ✅ 仓库访问正常:  (私有:  false)
[2026-03-28 10:26:04] 📡 检查网络连接...
[2026-03-28 10:26:04] ✅ GitHub网络连接正常
[2026-03-28 10:26:04] 💾 检查磁盘空间...
[2026-03-28 10:26:04] ✅ 磁盘空间正常: 4%
[2026-03-28 10:26:04] 🔧 检查Git配置...
[2026-03-28 10:26:04] ✅ Git配置正常: Cheese Intelligence Team <cheese@cheese.ai>
[2026-03-28 10:26:04] 🔐 检查脚本权限...
[2026-03-28 10:26:04] ✅ github_sync_safe.sh 权限正确: 755
[2026-03-28 10:26:04] ✅ github_health_check.sh 权限正确: 755
[2026-03-28 10:26:04] 📁 检查目录权限...
[2026-03-28 10:26:04] ✅ scripts 所有者正确: luckyelite:luckyelite
[2026-03-28 10:26:04] ✅ skills 所有者正确: luckyelite:luckyelite
[2026-03-28 10:26:04] ✅ logs 所有者正确: luckyelite:luckyelite
[2026-03-28 10:26:05] ✅ archive 所有者正确: luckyelite:www-data
[2026-03-28 10:26:05] 📋 检查日志文件...
[2026-03-28 10:26:05] ✅ 日志目录正常，最近30天日志文件: 2
[2026-03-28 10:26:05] 🎉 所有健康检查通过！系统状态正常
[2026-03-28 10:32:42] 🩺 开始GitHub健康检查
[2026-03-28 10:32:42] 🔍 检查环境变量...
[2026-03-28 10:32:42] ✅ GITHUB_TOKEN 已设置
[2026-03-28 10:32:42] ✅ GITHUB_REPO 已设置
[2026-03-28 10:32:42] 🌐 检查GitHub API连通性...
[2026-03-28 10:32:43] ✅ GitHub API连通正常 (用户: )
[2026-03-28 10:32:43] 📦 检查仓库状态...
[2026-03-28 10:32:44] ✅ 仓库访问正常:  (私有:  false)
[2026-03-28 10:32:44] 📡 检查网络连接...
[2026-03-28 10:32:44] ✅ GitHub网络连接正常
[2026-03-28 10:32:44] 💾 检查磁盘空间...
[2026-03-28 10:32:44] ✅ 磁盘空间正常: 4%
[2026-03-28 10:32:44] 🔧 检查Git配置...
[2026-03-28 10:32:44] ✅ Git配置正常: Cheese Intelligence Team <cheese@cheese.ai>
[2026-03-28 10:32:44] 🔐 检查脚本权限...
[2026-03-28 10:32:44] ✅ github_sync_safe.sh 权限正确: 755
[2026-03-28 10:32:44] ✅ github_health_check.sh 权限正确: 755
[2026-03-28 10:32:44] 📁 检查目录权限...
[2026-03-28 10:32:44] ✅ scripts 所有者正确: luckyelite:luckyelite
[2026-03-28 10:32:44] ✅ skills 所有者正确: luckyelite:luckyelite
[2026-03-28 10:32:44] ✅ logs 所有者正确: luckyelite:luckyelite
[2026-03-28 10:32:44] ✅ archive 所有者正确: luckyelite:www-data
[2026-03-28 10:32:44] 📋 检查日志文件...
[2026-03-28 10:32:44] ✅ 日志目录正常，最近30天日志文件: 2
[2026-03-28 10:32:44] 🎉 所有健康检查通过！系统状态正常
[2026-03-28 10:33:48] 🩺 开始GitHub健康检查
[2026-03-28 10:33:48] 🔍 检查环境变量...
[2026-03-28 10:33:48] ✅ GITHUB_TOKEN 已设置
[2026-03-28 10:33:48] ✅ GITHUB_REPO 已设置
[2026-03-28 10:33:48] 🌐 检查GitHub API连通性...
[2026-03-28 10:33:50] ✅ GitHub API连通正常 (用户: )
[2026-03-28 10:33:50] 📦 检查仓库状态...
[2026-03-28 10:33:51] ✅ 仓库访问正常:  (私有:  false)
[2026-03-28 10:33:51] 📡 检查网络连接...
[2026-03-28 10:34:01] ❌ 无法连接到GitHub
[2026-03-28 10:34:01] 💾 检查磁盘空间...
[2026-03-28 10:34:01] ✅ 磁盘空间正常: 4%
[2026-03-28 10:34:01] 🔧 检查Git配置...
[2026-03-28 10:34:01] ✅ Git配置正常: Cheese Intelligence Team <cheese@cheese.ai>
[2026-03-28 10:34:01] 🔐 检查脚本权限...
[2026-03-28 10:34:01] ✅ github_sync_safe.sh 权限正确: 755
[2026-03-28 10:34:01] ✅ github_health_check.sh 权限正确: 755
[2026-03-28 10:34:01] 📁 检查目录权限...
[2026-03-28 10:34:01] ✅ scripts 所有者正确: luckyelite:luckyelite
[2026-03-28 10:34:01] ✅ skills 所有者正确: luckyelite:luckyelite
[2026-03-28 10:34:01] ✅ logs 所有者正确: luckyelite:luckyelite
[2026-03-28 10:34:01] ✅ archive 所有者正确: luckyelite:www-data
[2026-03-28 10:34:01] 📋 检查日志文件...
[2026-03-28 10:34:01] ✅ 日志目录正常，最近30天日志文件: 2
[2026-03-28 10:34:01] 🚨 健康检查失败，请检查上述问题
[2026-03-28 10:35:22] 🩺 开始GitHub健康检查
[2026-03-28 10:35:22] 🔍 检查环境变量...
[2026-03-28 10:35:22] ✅ GITHUB_TOKEN 已设置
[2026-03-28 10:35:22] ✅ GITHUB_REPO 已设置
[2026-03-28 10:35:22] 🌐 检查GitHub API连通性...
[2026-03-28 10:35:24] ✅ GitHub API连通正常 (用户: )
[2026-03-28 10:35:24] 📦 检查仓库状态...
[2026-03-28 10:41:03] 🩺 开始GitHub健康检查
[2026-03-28 10:41:03] 🔍 检查环境变量...
[2026-03-28 10:41:03] ✅ GITHUB_TOKEN 已设置
[2026-03-28 10:41:03] ✅ GITHUB_REPO 已设置
[2026-03-28 10:41:03] 🌐 检查GitHub API连通性...
[2026-03-28 10:41:10] ✅ GitHub API连通正常 (用户: )
[2026-03-28 10:41:10] 📦 检查仓库状态...
[2026-03-28 10:41:11] ✅ 仓库访问正常:  (私有:  false)
[2026-03-28 10:41:11] 📡 检查网络连接...
[2026-03-28 10:41:11] ✅ GitHub网络连接正常
[2026-03-28 10:41:11] 💾 检查磁盘空间...
[2026-03-28 10:41:11] ✅ 磁盘空间正常: 4%
[2026-03-28 10:41:11] 🔧 检查Git配置...
[2026-03-28 10:41:11] ✅ Git配置正常: Cheese Intelligence Team <cheese@cheese.ai>
[2026-03-28 10:41:11] 🔐 检查脚本权限...
[2026-03-28 10:41:11] ✅ github_sync_safe.sh 权限正确: 755
[2026-03-28 10:41:11] ✅ github_health_check.sh 权限正确: 755
[2026-03-28 10:41:11] 📁 检查目录权限...
[2026-03-28 10:41:11] ✅ scripts 所有者正确: luckyelite:luckyelite
[2026-03-28 10:41:11] ✅ skills 所有者正确: luckyelite:luckyelite
[2026-03-28 10:41:11] ✅ logs 所有者正确: luckyelite:luckyelite
[2026-03-28 10:41:11] ✅ archive 所有者正确: luckyelite:www-data
[2026-03-28 10:41:11] 📋 检查日志文件...
[2026-03-28 10:41:11] ✅ 日志目录正常，最近30天日志文件: 2
[2026-03-28 10:41:11] 🎉 所有健康检查通过！系统状态正常
[2026-03-28 10:45:17] 🩺 开始GitHub健康检查
[2026-03-28 10:45:17] 🔍 检查环境变量...
[2026-03-28 10:45:17] ✅ GITHUB_TOKEN 已设置
[2026-03-28 10:45:17] ✅ GITHUB_REPO 已设置
[2026-03-28 10:45:17] 🌐 检查GitHub API连通性...
[2026-03-28 10:45:20] ✅ GitHub API连通正常 (用户: )
[2026-03-28 10:45:20] 📦 检查仓库状态...
[2026-03-28 10:45:21] ✅ 仓库访问正常:  (私有:  false)
[2026-03-28 10:45:21] 📡 检查网络连接...
[2026-03-28 10:45:21] ✅ GitHub网络连接正常
[2026-03-28 10:45:21] 💾 检查磁盘空间...
[2026-03-28 10:45:21] ✅ 磁盘空间正常: 4%
[2026-03-28 10:45:21] 🔧 检查Git配置...
[2026-03-28 10:45:21] ✅ Git配置正常: Cheese Intelligence Team <cheese@cheese.ai>
[2026-03-28 10:45:21] 🔐 检查脚本权限...
[2026-03-28 10:45:21] ✅ github_sync_safe.sh 权限正确: 755
[2026-03-28 10:45:21] ✅ github_health_check.sh 权限正确: 755
[2026-03-28 10:45:21] 📁 检查目录权限...
[2026-03-28 10:45:21] ✅ scripts 所有者正确: luckyelite:luckyelite
[2026-03-28 10:45:21] ✅ skills 所有者正确: luckyelite:luckyelite
[2026-03-28 10:45:21] ✅ logs 所有者正确: luckyelite:luckyelite
[2026-03-28 10:45:21] ✅ archive 所有者正确: luckyelite:www-data
[2026-03-28 10:45:21] 📋 检查日志文件...
[2026-03-28 10:45:21] ✅ 日志目录正常，最近30天日志文件: 2
[2026-03-28 10:45:21] 🎉 所有健康检查通过！系统状态正常
[2026-03-28 10:55:32] 🩺 开始GitHub健康检查
[2026-03-28 10:55:32] 🔍 检查环境变量...
[2026-03-28 10:55:32] ✅ GITHUB_TOKEN 已设置
[2026-03-28 10:55:32] ✅ GITHUB_REPO 已设置
[2026-03-28 10:55:32] 🌐 检查GitHub API连通性...
[2026-03-28 10:55:33] ✅ GitHub API连通正常 (用户: )
[2026-03-28 10:55:33] 📦 检查仓库状态...
[2026-03-28 10:55:34] ✅ 仓库访问正常:  (私有:  false)
[2026-03-28 10:55:34] 📡 检查网络连接...
[2026-03-28 10:55:35] ✅ GitHub网络连接正常
[2026-03-28 10:55:35] 💾 检查磁盘空间...
[2026-03-28 10:55:35] ✅ 磁盘空间正常: 4%
[2026-03-28 10:55:35] 🔧 检查Git配置...
[2026-03-28 10:55:35] ✅ Git配置正常: Cheese Intelligence Team <cheese@cheese.ai>
[2026-03-28 10:55:35] 🔐 检查脚本权限...
[2026-03-28 10:55:35] ✅ github_sync_safe.sh 权限正确: 755
[2026-03-28 10:55:35] ✅ github_health_check.sh 权限正确: 755
[2026-03-28 10:55:35] 📁 检查目录权限...
[2026-03-28 10:55:35] ✅ scripts 所有者正确: luckyelite:luckyelite
[2026-03-28 10:55:35] ✅ skills 所有者正确: luckyelite:luckyelite
[2026-03-28 10:55:35] ✅ logs 所有者正确: luckyelite:luckyelite
[2026-03-28 10:55:35] ✅ archive 所有者正确: luckyelite:www-data
[2026-03-28 10:55:35] 📋 检查日志文件...
[2026-03-28 10:55:35] ✅ 日志目录正常，最近30天日志文件: 2
[2026-03-28 10:55:35] 🎉 所有健康检查通过！系统状态正常
[2026-03-28 10:56:10] 🩺 开始GitHub健康检查
[2026-03-28 10:56:10] 🔍 检查环境变量...
[2026-03-28 10:56:10] ✅ GITHUB_TOKEN 已设置
[2026-03-28 10:56:10] ✅ GITHUB_REPO 已设置
[2026-03-28 10:56:10] 🌐 检查GitHub API连通性...
[2026-03-28 10:56:11] ✅ GitHub API连通正常 (用户: )
[2026-03-28 10:56:11] 📦 检查仓库状态...
[2026-03-28 10:56:12] ✅ 仓库访问正常:  (私有:  false)
[2026-03-28 10:56:12] 📡 检查网络连接...
[2026-03-28 10:56:13] ✅ GitHub网络连接正常
[2026-03-28 10:56:13] 💾 检查磁盘空间...
[2026-03-28 10:56:13] ✅ 磁盘空间正常: 4%
[2026-03-28 10:56:13] 🔧 检查Git配置...
[2026-03-28 10:56:13] ✅ Git配置正常: Cheese Intelligence Team <cheese@cheese.ai>
[2026-03-28 10:56:13] 🔐 检查脚本权限...
[2026-03-28 10:56:13] ✅ github_sync_safe.sh 权限正确: 755
[2026-03-28 10:56:13] ✅ github_health_check.sh 权限正确: 755
[2026-03-28 10:56:13] 📁 检查目录权限...
[2026-03-28 10:56:13] ✅ scripts 所有者正确: luckyelite:luckyelite
[2026-03-28 10:56:13] ✅ skills 所有者正确: luckyelite:luckyelite
[2026-03-28 10:56:13] ✅ logs 所有者正确: luckyelite:luckyelite
[2026-03-28 10:56:13] ✅ archive 所有者正确: luckyelite:www-data
[2026-03-28 10:56:13] 📋 检查日志文件...
[2026-03-28 10:56:13] ✅ 日志目录正常，最近30天日志文件: 2
[2026-03-28 10:56:13] 🎉 所有健康检查通过！系统状态正常
[2026-03-28 11:11:12] 🩺 开始GitHub健康检查
[2026-03-28 11:11:12] 🔍 检查环境变量...
[2026-03-28 11:11:12] ✅ GITHUB_TOKEN 已设置
[2026-03-28 11:11:12] ✅ GITHUB_REPO 已设置
[2026-03-28 11:11:12] 🌐 检查GitHub API连通性...
[2026-03-28 11:11:13] ✅ GitHub API连通正常 (用户: )
[2026-03-28 11:11:13] 📦 检查仓库状态...
[2026-03-28 11:11:14] ✅ 仓库访问正常:  (私有:  false)
[2026-03-28 11:11:14] 📡 检查网络连接...
[2026-03-28 11:11:14] ✅ GitHub网络连接正常
[2026-03-28 11:11:14] 💾 检查磁盘空间...
[2026-03-28 11:11:14] ✅ 磁盘空间正常: 4%
[2026-03-28 11:11:14] 🔧 检查Git配置...
[2026-03-28 11:11:14] ✅ Git配置正常: Cheese Intelligence Team <cheese@cheese.ai>
[2026-03-28 11:11:14] 🔐 检查脚本权限...
[2026-03-28 11:11:14] ✅ github_sync_safe.sh 权限正确: 755
[2026-03-28 11:11:14] ✅ github_health_check.sh 权限正确: 755
[2026-03-28 11:11:14] 📁 检查目录权限...
[2026-03-28 11:11:14] ✅ scripts 所有者正确: luckyelite:luckyelite
[2026-03-28 11:11:14] ✅ skills 所有者正确: luckyelite:luckyelite
[2026-03-28 11:11:14] ✅ logs 所有者正确: luckyelite:luckyelite
[2026-03-28 11:11:14] ✅ archive 所有者正确: luckyelite:www-data
[2026-03-28 11:11:14] 📋 检查日志文件...
[2026-03-28 11:11:14] ✅ 日志目录正常，最近30天日志文件: 2
[2026-03-28 11:11:14] 🎉 所有健康检查通过！系统状态正常
[2026-03-28 11:26:05] 🩺 开始GitHub健康检查
[2026-03-28 11:26:05] 🔍 检查环境变量...
[2026-03-28 11:26:05] ✅ GITHUB_TOKEN 已设置
[2026-03-28 11:26:05] ✅ GITHUB_REPO 已设置
[2026-03-28 11:26:05] 🌐 检查GitHub API连通性...
[2026-03-28 11:26:07] ✅ GitHub API连通正常 (用户: )
[2026-03-28 11:26:07] 📦 检查仓库状态...
[2026-03-28 11:26:08] ✅ 仓库访问正常:  (私有:  false)
[2026-03-28 11:26:08] 📡 检查网络连接...
[2026-03-28 11:26:08] ✅ GitHub网络连接正常
[2026-03-28 11:26:08] 💾 检查磁盘空间...
[2026-03-28 11:26:08] ✅ 磁盘空间正常: 4%
[2026-03-28 11:26:08] 🔧 检查Git配置...
[2026-03-28 11:26:08] ✅ Git配置正常: Cheese Intelligence Team <cheese@cheese.ai>
[2026-03-28 11:26:08] 🔐 检查脚本权限...
[2026-03-28 11:26:08] ✅ github_sync_safe.sh 权限正确: 755
[2026-03-28 11:26:08] ✅ github_health_check.sh 权限正确: 755
[2026-03-28 11:26:08] 📁 检查目录权限...
[2026-03-28 11:26:08] ✅ scripts 所有者正确: luckyelite:luckyelite
[2026-03-28 11:26:08] ✅ skills 所有者正确: luckyelite:luckyelite
[2026-03-28 11:26:08] ✅ logs 所有者正确: luckyelite:luckyelite
[2026-03-28 11:26:08] ✅ archive 所有者正确: luckyelite:www-data
[2026-03-28 11:26:08] 📋 检查日志文件...
[2026-03-28 11:26:08] ✅ 日志目录正常，最近30天日志文件: 2
[2026-03-28 11:26:08] 🎉 所有健康检查通过！系统状态正常
[2026-03-28 11:26:44] 🩺 开始GitHub健康检查
[2026-03-28 11:26:44] 🔍 检查环境变量...
[2026-03-28 11:26:44] ✅ GITHUB_TOKEN 已设置
[2026-03-28 11:26:44] ✅ GITHUB_REPO 已设置
[2026-03-28 11:26:44] 🌐 检查GitHub API连通性...
[2026-03-28 11:26:45] ✅ GitHub API连通正常 (用户: )
[2026-03-28 11:26:45] 📦 检查仓库状态...
[2026-03-28 11:26:46] ✅ 仓库访问正常:  (私有:  false)
[2026-03-28 11:26:46] 📡 检查网络连接...
[2026-03-28 11:26:46] ✅ GitHub网络连接正常
[2026-03-28 11:26:46] 💾 检查磁盘空间...
[2026-03-28 11:26:46] ✅ 磁盘空间正常: 4%
[2026-03-28 11:26:46] 🔧 检查Git配置...
[2026-03-28 11:26:46] ✅ Git配置正常: Cheese Intelligence Team <cheese@cheese.ai>
[2026-03-28 11:26:46] 🔐 检查脚本权限...
[2026-03-28 11:26:46] ✅ github_sync_safe.sh 权限正确: 755
[2026-03-28 11:26:46] ✅ github_health_check.sh 权限正确: 755
[2026-03-28 11:26:46] 📁 检查目录权限...
[2026-03-28 11:26:46] ✅ scripts 所有者正确: luckyelite:luckyelite
[2026-03-28 11:26:46] ✅ skills 所有者正确: luckyelite:luckyelite
[2026-03-28 11:26:46] ✅ logs 所有者正确: luckyelite:luckyelite
[2026-03-28 11:26:46] ✅ archive 所有者正确: luckyelite:www-data
[2026-03-28 11:26:46] 📋 检查日志文件...
[2026-03-28 11:26:46] ✅ 日志目录正常，最近30天日志文件: 2
[2026-03-28 11:26:46] 🎉 所有健康检查通过！系统状态正常
[2026-03-28 11:28:13] 🩺 开始GitHub健康检查
[2026-03-28 11:28:13] 🔍 检查环境变量...
[2026-03-28 11:28:13] ✅ GITHUB_TOKEN 已设置
[2026-03-28 11:28:13] ✅ GITHUB_REPO 已设置
[2026-03-28 11:28:13] 🌐 检查GitHub API连通性...
[2026-03-28 11:28:15] ✅ GitHub API连通正常 (用户: )
[2026-03-28 11:28:15] 📦 检查仓库状态...
[2026-03-28 11:28:16] ✅ 仓库访问正常:  (私有:  false)
[2026-03-28 11:28:16] 📡 检查网络连接...
[2026-03-28 11:28:16] ✅ GitHub网络连接正常
[2026-03-28 11:28:16] 💾 检查磁盘空间...
[2026-03-28 11:28:16] ✅ 磁盘空间正常: 4%
[2026-03-28 11:28:16] 🔧 检查Git配置...
[2026-03-28 11:28:16] ✅ Git配置正常: Cheese Intelligence Team <cheese@cheese.ai>
[2026-03-28 11:28:16] 🔐 检查脚本权限...
[2026-03-28 11:28:16] ✅ github_sync_safe.sh 权限正确: 755
[2026-03-28 11:28:16] ✅ github_health_check.sh 权限正确: 755
[2026-03-28 11:28:16] 📁 检查目录权限...
[2026-03-28 11:28:16] ✅ scripts 所有者正确: luckyelite:luckyelite
[2026-03-28 11:28:16] ✅ skills 所有者正确: luckyelite:luckyelite
[2026-03-28 11:28:16] ✅ logs 所有者正确: luckyelite:luckyelite
[2026-03-28 11:28:16] ✅ archive 所有者正确: luckyelite:www-data
[2026-03-28 11:28:16] 📋 检查日志文件...
[2026-03-28 11:28:16] ✅ 日志目录正常，最近30天日志文件: 2
[2026-03-28 11:28:16] 🎉 所有健康检查通过！系统状态正常
[2026-03-28 11:41:10] 🩺 开始GitHub健康检查
[2026-03-28 11:41:10] 🔍 检查环境变量...
[2026-03-28 11:41:10] ✅ GITHUB_TOKEN 已设置
[2026-03-28 11:41:10] ✅ GITHUB_REPO 已设置
[2026-03-28 11:41:10] 🌐 检查GitHub API连通性...
[2026-03-28 11:41:12] ✅ GitHub API连通正常 (用户: )
[2026-03-28 11:41:12] 📦 检查仓库状态...
[2026-03-28 11:41:13] ✅ 仓库访问正常:  (私有:  false)
[2026-03-28 11:41:13] 📡 检查网络连接...
[2026-03-28 11:41:13] ✅ GitHub网络连接正常
[2026-03-28 11:41:13] 💾 检查磁盘空间...
[2026-03-28 11:41:13] ✅ 磁盘空间正常: 4%
[2026-03-28 11:41:13] 🔧 检查Git配置...
[2026-03-28 11:41:13] ✅ Git配置正常: Cheese Intelligence Team <cheese@cheese.ai>
[2026-03-28 11:41:13] 🔐 检查脚本权限...
[2026-03-28 11:41:13] ✅ github_sync_safe.sh 权限正确: 755
[2026-03-28 11:41:13] ✅ github_health_check.sh 权限正确: 755
[2026-03-28 11:41:13] 📁 检查目录权限...
[2026-03-28 11:41:13] ✅ scripts 所有者正确: luckyelite:luckyelite
[2026-03-28 11:41:13] ✅ skills 所有者正确: luckyelite:luckyelite
[2026-03-28 11:41:13] ✅ logs 所有者正确: luckyelite:luckyelite
[2026-03-28 11:41:13] ✅ archive 所有者正确: luckyelite:www-data
[2026-03-28 11:41:13] 📋 检查日志文件...
[2026-03-28 11:41:13] ✅ 日志目录正常，最近30天日志文件: 2
[2026-03-28 11:41:13] 🎉 所有健康检查通过！系统状态正常
[2026-03-28 11:51:27] 🩺 开始GitHub健康检查
[2026-03-28 11:51:27] 🔍 检查环境变量...
[2026-03-28 11:51:27] ✅ GITHUB_TOKEN 已设置
[2026-03-28 11:51:27] ✅ GITHUB_REPO 已设置
[2026-03-28 11:51:27] 🌐 检查GitHub API连通性...
[2026-03-28 11:51:28] ✅ GitHub API连通正常 (用户: )
[2026-03-28 11:51:28] 📦 检查仓库状态...
[2026-03-28 11:51:29] ✅ 仓库访问正常:  (私有:  false)
[2026-03-28 11:51:29] 📡 检查网络连接...
[2026-03-28 11:51:29] ✅ GitHub网络连接正常
[2026-03-28 11:51:29] 💾 检查磁盘空间...
[2026-03-28 11:51:29] ✅ 磁盘空间正常: 4%
[2026-03-28 11:51:29] 🔧 检查Git配置...
[2026-03-28 11:51:29] ✅ Git配置正常: Cheese Intelligence Team <cheese@cheese.ai>
[2026-03-28 11:51:29] 🔐 检查脚本权限...
[2026-03-28 11:51:29] ✅ github_sync_safe.sh 权限正确: 755
[2026-03-28 11:51:29] ✅ github_health_check.sh 权限正确: 755
[2026-03-28 11:51:29] 📁 检查目录权限...
[2026-03-28 11:51:29] ✅ scripts 所有者正确: luckyelite:luckyelite
[2026-03-28 11:51:29] ✅ skills 所有者正确: luckyelite:luckyelite
[2026-03-28 11:51:29] ✅ logs 所有者正确: luckyelite:luckyelite
[2026-03-28 11:51:29] ✅ archive 所有者正确: luckyelite:www-data
[2026-03-28 11:51:29] 📋 检查日志文件...
[2026-03-28 11:51:29] ✅ 日志目录正常，最近30天日志文件: 2
[2026-03-28 11:51:29] 🎉 所有健康检查通过！系统状态正常
[2026-03-28 11:56:48] 🩺 开始GitHub健康检查
[2026-03-28 11:56:48] 🔍 检查环境变量...
[2026-03-28 11:56:48] ✅ GITHUB_TOKEN 已设置
[2026-03-28 11:56:48] ✅ GITHUB_REPO 已设置
[2026-03-28 11:56:48] 🌐 检查GitHub API连通性...
[2026-03-28 11:56:50] ✅ GitHub API连通正常 (用户: )
[2026-03-28 11:56:50] 📦 检查仓库状态...
[2026-03-28 11:56:51] ✅ 仓库访问正常:  (私有:  false)
[2026-03-28 11:56:51] 📡 检查网络连接...
[2026-03-28 11:56:51] ✅ GitHub网络连接正常
[2026-03-28 11:56:51] 💾 检查磁盘空间...
[2026-03-28 11:56:51] ✅ 磁盘空间正常: 4%
[2026-03-28 11:56:51] 🔧 检查Git配置...
[2026-03-28 11:56:51] ✅ Git配置正常: Cheese Intelligence Team <cheese@cheese.ai>
[2026-03-28 11:56:51] 🔐 检查脚本权限...
[2026-03-28 11:56:51] ✅ github_sync_safe.sh 权限正确: 755
[2026-03-28 11:56:51] ✅ github_health_check.sh 权限正确: 755
[2026-03-28 11:56:51] 📁 检查目录权限...
[2026-03-28 11:56:51] ✅ scripts 所有者正确: luckyelite:luckyelite
[2026-03-28 11:56:51] ✅ skills 所有者正确: luckyelite:luckyelite
[2026-03-28 11:56:51] ✅ logs 所有者正确: luckyelite:luckyelite
[2026-03-28 11:56:51] ✅ archive 所有者正确: luckyelite:www-data
[2026-03-28 11:56:51] 📋 检查日志文件...
[2026-03-28 11:56:51] ✅ 日志目录正常，最近30天日志文件: 2
[2026-03-28 11:56:51] 🎉 所有健康检查通过！系统状态正常
[2026-03-28 12:05:16] 🩺 开始GitHub健康检查
[2026-03-28 12:05:16] 🔍 检查环境变量...
[2026-03-28 12:05:16] ✅ GITHUB_TOKEN 已设置
[2026-03-28 12:05:16] ✅ GITHUB_REPO 已设置
[2026-03-28 12:05:16] 🌐 检查GitHub API连通性...
[2026-03-28 12:05:18] ✅ GitHub API连通正常 (用户: )
[2026-03-28 12:05:18] 📦 检查仓库状态...
[2026-03-28 12:05:19] ✅ 仓库访问正常:  (私有:  false)
[2026-03-28 12:05:19] 📡 检查网络连接...
[2026-03-28 12:05:19] ✅ GitHub网络连接正常
[2026-03-28 12:05:19] 💾 检查磁盘空间...
[2026-03-28 12:05:19] ✅ 磁盘空间正常: 4%
[2026-03-28 12:05:19] 🔧 检查Git配置...
[2026-03-28 12:05:19] ✅ Git配置正常: Cheese Intelligence Team <cheese@cheese.ai>
[2026-03-28 12:05:19] 🔐 检查脚本权限...
[2026-03-28 12:05:19] ✅ github_sync_safe.sh 权限正确: 755
[2026-03-28 12:05:19] ✅ github_health_check.sh 权限正确: 755
[2026-03-28 12:05:19] 📁 检查目录权限...
[2026-03-28 12:05:19] ✅ scripts 所有者正确: luckyelite:luckyelite
[2026-03-28 12:05:19] ✅ skills 所有者正确: luckyelite:luckyelite
[2026-03-28 12:05:19] ✅ logs 所有者正确: luckyelite:luckyelite
[2026-03-28 12:05:19] ✅ archive 所有者正确: luckyelite:www-data
[2026-03-28 12:05:19] 📋 检查日志文件...
[2026-03-28 12:05:19] ✅ 日志目录正常，最近30天日志文件: 2
[2026-03-28 12:05:19] 🎉 所有健康检查通过！系统状态正常
[2026-03-28 12:11:08] 🩺 开始GitHub健康检查
[2026-03-28 12:11:08] 🔍 检查环境变量...
[2026-03-28 12:11:08] ✅ GITHUB_TOKEN 已设置
[2026-03-28 12:11:08] ✅ GITHUB_REPO 已设置
[2026-03-28 12:11:08] 🌐 检查GitHub API连通性...
[2026-03-28 12:11:10] ✅ GitHub API连通正常 (用户: )
[2026-03-28 12:11:10] 📦 检查仓库状态...
[2026-03-28 12:11:12] ✅ 仓库访问正常:  (私有:  false)
[2026-03-28 12:11:12] 📡 检查网络连接...
[2026-03-28 12:11:12] ✅ GitHub网络连接正常
[2026-03-28 12:11:12] 💾 检查磁盘空间...
[2026-03-28 12:11:12] ✅ 磁盘空间正常: 4%
[2026-03-28 12:11:12] 🔧 检查Git配置...
[2026-03-28 12:11:12] ✅ Git配置正常: Cheese Intelligence Team <cheese@cheese.ai>
[2026-03-28 12:11:12] 🔐 检查脚本权限...
[2026-03-28 12:11:12] ✅ github_sync_safe.sh 权限正确: 755
[2026-03-28 12:11:12] ✅ github_health_check.sh 权限正确: 755
[2026-03-28 12:11:12] 📁 检查目录权限...
[2026-03-28 12:11:12] ✅ scripts 所有者正确: luckyelite:luckyelite
[2026-03-28 12:11:12] ✅ skills 所有者正确: luckyelite:luckyelite
[2026-03-28 12:11:12] ✅ logs 所有者正确: luckyelite:luckyelite
[2026-03-28 12:11:12] ✅ archive 所有者正确: luckyelite:www-data
[2026-03-28 12:11:12] 📋 检查日志文件...
[2026-03-28 12:11:12] ✅ 日志目录正常，最近30天日志文件: 2
[2026-03-28 12:11:12] 🎉 所有健康检查通过！系统状态正常
