[2026-03-28 08:13:33] 🚀 开始GitHub同步
[2026-03-28 08:13:33] 🔍 检查Git状态...
[2026-03-28 08:13:33] 📝 发现未提交的更改
[2026-03-28 08:13:33] ✅ 提交完成: [FEAT]: [2613-182号]规范实施验证
[2026-03-28 08:13:33] 🌐 配置远程仓库: oceanuf/amber-sentry-logs
[2026-03-28 08:13:33] 🔄 更新远程仓库URL
[2026-03-28 08:13:33] 📥 拉取最新更改...
[2026-03-28 08:13:34] ✅ 拉取成功
[2026-03-28 08:13:34] 🚀 推送到GitHub...
[2026-03-28 08:13:36] ✅ GitHub同步成功！
[2026-03-28 08:13:36] 📋 最新提交: 17e18f4 [FEAT]: [2613-182号]规范实施验证
[2026-03-28 08:13:36] 📖 共同记忆已更新
[2026-03-28 08:13:36] 🎉 GitHub同步流程完成
[2026-03-28 08:13:36] 🩺 执行健康检查...
[2026-03-28 09:25:46] 🚀 开始GitHub同步
[2026-03-28 09:25:46] 🔍 检查Git状态...
[2026-03-28 09:25:46] 📝 发现未提交的更改
[2026-03-28 09:25:46] ✅ 提交完成: [FEAT]: 完成[2613-184号]档案馆重构任务
[2026-03-28 09:25:46] 🌐 配置远程仓库: oceanuf/amber-sentry-logs
[2026-03-28 09:25:46] 🔄 更新远程仓库URL
[2026-03-28 09:25:46] 📥 拉取最新更改...
[2026-03-28 09:25:48] ✅ 拉取成功
[2026-03-28 09:25:48] 🚀 推送到GitHub...
[2026-03-28 09:25:49] ✅ GitHub同步成功！
[2026-03-28 09:25:49] 📋 最新提交: e5ea616 [FEAT]: 完成[2613-184号]档案馆重构任务
[2026-03-28 09:25:49] 📖 共同记忆已更新
[2026-03-28 09:25:49] 🎉 GitHub同步流程完成
[2026-03-28 09:25:49] 🩺 执行健康检查...
[2026-03-28 10:06:35] 🚀 开始GitHub同步
[2026-03-28 10:06:35] 🔍 检查Git状态...
[2026-03-28 10:06:35] 📝 发现未提交的更改
[2026-03-28 10:06:35] ⚠️  提交信息格式不符合规范，自动修正
[2026-03-28 10:06:35] ✅ 提交完成: [CHORE]: 演武场重筑身份固化测试
[2026-03-28 10:06:35] 🌐 配置远程仓库: oceanuf/amber-sentry-logs
[2026-03-28 10:06:35] 🔄 更新远程仓库URL
[2026-03-28 10:06:35] 📥 拉取最新更改...
[2026-03-28 10:06:37] ✅ 拉取成功
[2026-03-28 10:06:37] 🚀 推送到GitHub...
[2026-03-28 10:07:46] 🚀 开始GitHub同步
[2026-03-28 10:07:46] 🔍 检查Git状态...
[2026-03-28 10:07:46] 📝 发现未提交的更改
[2026-03-28 10:07:46] ⚠️  提交信息格式不符合规范，自动修正
[2026-03-28 10:07:46] ✅ 提交完成: [CHORE]: 演武场重筑身份固化测试
[2026-03-28 10:07:46] 🌐 配置远程仓库: oceanuf/amber-sentry-logs
[2026-03-28 10:07:46] 🔄 更新远程仓库URL
[2026-03-28 10:07:46] 📥 拉取最新更改...
[2026-03-28 10:07:47] ✅ 拉取成功
[2026-03-28 10:07:47] 🚀 推送到GitHub...
[2026-03-28 10:07:49] ❌ GitHub推送失败
[2026-03-28 10:07:49] 🔧 错误信息已记录到日志
[2026-03-28 10:08:51] 🚀 开始GitHub同步
[2026-03-28 10:08:51] 🔍 检查Git状态...
[2026-03-28 10:08:51] 📝 发现未提交的更改
[2026-03-28 10:08:51] ⚠️  提交信息格式不符合规范，自动修正
[2026-03-28 10:08:51] ✅ 提交完成: [CHORE]: [2613-186号] GitHub身份永久锚定测试
[2026-03-28 10:08:51] 🌐 配置远程仓库: oceanuf/amber-sentry-logs
[2026-03-28 10:08:51] ✅ 远程仓库URL已正确配置
[2026-03-28 10:08:51] 📥 拉取最新更改...
[2026-03-28 10:08:53] ⚠️  拉取失败或无需拉取，继续推送
[2026-03-28 10:08:53] 🚀 推送到GitHub...
[2026-03-28 10:08:54] ❌ GitHub推送失败
[2026-03-28 10:08:54] 🔧 错误信息已记录到日志
[2026-03-28 10:09:25] 🚀 开始GitHub同步
[2026-03-28 10:09:25] 🔍 检查Git状态...
[2026-03-28 10:09:25] 📝 发现未提交的更改
[2026-03-28 10:09:25] ⚠️  提交信息格式不符合规范，自动修正
[2026-03-28 10:09:25] ✅ 提交完成: [CHORE]: [2613-186号] GitHub身份固化验证
[2026-03-28 10:09:25] 🌐 配置远程仓库: oceanuf/amber-sentry-logs
[2026-03-28 10:09:25] ✅ 远程仓库URL已正确配置
[2026-03-28 10:09:25] 📥 拉取最新更改...
[2026-03-28 10:09:26] ⚠️  拉取失败或无需拉取，继续推送
[2026-03-28 10:09:26] 🚀 推送到GitHub...
[2026-03-28 10:09:27] ❌ GitHub推送失败
[2026-03-28 10:09:27] 🔧 错误信息已记录到日志
[2026-03-28 10:11:04] 🚀 开始GitHub同步
[2026-03-28 10:11:04] 🔍 检查Git状态...
[2026-03-28 10:11:04] 📝 发现未提交的更改
[2026-03-28 10:11:04] ⚠️  提交信息格式不符合规范，自动修正
[2026-03-28 10:11:04] ✅ 提交完成: [CHORE]: 演武场重筑自动同步
[2026-03-28 10:11:04] 🌐 配置远程仓库: oceanuf/amber-sentry-logs
[2026-03-28 10:11:04] ✅ 远程仓库URL已正确配置
[2026-03-28 10:11:04] 📥 拉取最新更改...
[2026-03-28 10:11:47] 🚀 开始GitHub同步
[2026-03-28 10:11:47] 🔍 检查Git状态...
[2026-03-28 10:11:47] 📝 发现未提交的更改
[2026-03-28 10:11:47] ⚠️  提交信息格式不符合规范，自动修正
[2026-03-28 10:11:47] ✅ 提交完成: [CHORE]: 演武场重筑自动同步
[2026-03-28 10:11:47] 🌐 配置远程仓库: oceanuf/amber-sentry-logs
[2026-03-28 10:11:47] ✅ 远程仓库URL已正确配置
[2026-03-28 10:11:47] 📥 拉取最新更改...
[2026-03-28 10:11:47] ⚠️  拉取失败或无需拉取，继续推送
[2026-03-28 10:11:47] 🚀 推送到GitHub...
[2026-03-28 10:12:24] 🚀 开始GitHub同步
[2026-03-28 10:12:24] 🔍 检查Git状态...
[2026-03-28 10:12:24] 📝 发现未提交的更改
[2026-03-28 10:12:24] ⚠️  提交信息格式不符合规范，自动修正
[2026-03-28 10:12:24] ✅ 提交完成: [CHORE]: 演武场重筑自动同步
[2026-03-28 10:12:24] 🌐 配置远程仓库: oceanuf/amber-sentry-logs
[2026-03-28 10:12:24] ✅ 远程仓库URL已正确配置
[2026-03-28 10:12:24] 📥 拉取最新更改...
[2026-03-28 10:12:31] ⚠️  拉取失败或无需拉取，继续推送
[2026-03-28 10:12:31] 🚀 推送到GitHub...
[2026-03-28 10:12:32] ❌ GitHub推送失败
[2026-03-28 10:12:32] 🔧 错误信息已记录到日志
[2026-03-28 10:14:49] 🚀 开始GitHub同步
[2026-03-28 10:14:49] 🔍 检查Git状态...
[2026-03-28 10:14:49] 📝 发现未提交的更改
[2026-03-28 10:14:49] ⚠️  提交信息格式不符合规范，自动修正
[2026-03-28 10:14:49] ✅ 提交完成: [CHORE]: [2613-187号] GitHub同步链路修复测试
[2026-03-28 10:14:49] 🌐 配置远程仓库: oceanuf/amber-sentry-logs
[2026-03-28 10:14:49] ✅ 远程仓库URL已正确配置
[2026-03-28 10:14:49] 📥 拉取最新更改...
[2026-03-28 10:14:50] ⚠️  拉取失败或无需拉取，继续推送
[2026-03-28 10:14:50] 🚀 推送到GitHub...
[2026-03-28 10:14:51] ❌ GitHub推送失败
[2026-03-28 10:14:51] 🔧 错误信息已记录到日志
[2026-03-28 10:15:44] 🚀 开始GitHub同步
[2026-03-28 10:15:44] 🔍 检查Git状态...
[2026-03-28 10:15:44] 📝 发现未提交的更改
[2026-03-28 10:15:44] ⚠️  提交信息格式不符合规范，自动修正
[2026-03-28 10:15:44] ✅ 提交完成: [CHORE]: [2613-187号] GitHub同步链路最终修复
[2026-03-28 10:15:44] 🌐 配置远程仓库: oceanuf/amber-sentry-logs
[2026-03-28 10:15:44] ✅ 远程仓库URL已正确配置
[2026-03-28 10:15:44] 📥 拉取最新更改...
[2026-03-28 10:15:45] ✅ 拉取成功
[2026-03-28 10:15:45] 🚀 推送到GitHub...
[2026-03-28 10:15:46] ✅ GitHub同步成功！
[2026-03-28 10:15:46] 📋 最新提交: 0b285ec [CHORE]: [2613-187号] GitHub同步链路最终修复
[2026-03-28 10:15:46] 📖 共同记忆已更新
[2026-03-28 10:15:46] 🎉 GitHub同步流程完成
[2026-03-28 10:15:46] 🩺 执行健康检查...
[2026-03-28 10:20:33] 🚀 开始GitHub同步
[2026-03-28 10:20:33] 🔍 检查Git状态...
[2026-03-28 10:20:33] 📝 发现未提交的更改
[2026-03-28 10:20:33] ⚠️  提交信息格式不符合规范，自动修正
[2026-03-28 10:20:33] ✅ 提交完成: [CHORE]: [2613-187号] 猎杀备选报告入库
[2026-03-28 10:20:33] 🌐 配置远程仓库: oceanuf/amber-sentry-logs
[2026-03-28 10:20:33] ✅ 远程仓库URL已正确配置
[2026-03-28 10:20:33] 📥 拉取最新更改...
[2026-03-28 10:20:34] ✅ 拉取成功
[2026-03-28 10:20:34] 🚀 推送到GitHub...
[2026-03-28 10:20:36] ✅ GitHub同步成功！
[2026-03-28 10:20:36] 📋 最新提交: 1772dd8 [CHORE]: [2613-187号] 猎杀备选报告入库
[2026-03-28 10:20:36] 📖 共同记忆已更新
[2026-03-28 10:20:36] 🎉 GitHub同步流程完成
[2026-03-28 10:20:36] 🩺 执行健康检查...
[2026-03-28 10:25:05] 🚀 开始GitHub同步
[2026-03-28 10:25:05] 🔍 检查Git状态...
[2026-03-28 10:25:05] 📝 发现未提交的更改
[2026-03-28 10:25:05] ⚠️  提交信息格式不符合规范，自动修正
[2026-03-28 10:25:05] ✅ 提交完成: [CHORE]: [187号令] 银行ETF猎杀执行完成
[2026-03-28 10:25:05] 🌐 配置远程仓库: oceanuf/amber-sentry-logs
[2026-03-28 10:25:05] ✅ 远程仓库URL已正确配置
[2026-03-28 10:25:05] 📥 拉取最新更改...
[2026-03-28 10:25:06] ✅ 拉取成功
[2026-03-28 10:25:06] 🚀 推送到GitHub...
[2026-03-28 10:25:08] ✅ GitHub同步成功！
[2026-03-28 10:25:08] 📋 最新提交: 8f0d6bf [CHORE]: [187号令] 银行ETF猎杀执行完成
[2026-03-28 10:25:08] 📖 共同记忆已更新
[2026-03-28 10:25:08] 🎉 GitHub同步流程完成
[2026-03-28 10:25:08] 🩺 执行健康检查...
[2026-03-28 10:26:00] 🚀 开始GitHub同步
[2026-03-28 10:26:00] 🔍 检查Git状态...
[2026-03-28 10:26:00] 📝 发现未提交的更改
[2026-03-28 10:26:00] ⚠️  提交信息格式不符合规范，自动修正
[2026-03-28 10:26:00] ✅ 提交完成: [CHORE]: 演武场重筑自动同步
[2026-03-28 10:26:00] 🌐 配置远程仓库: oceanuf/amber-sentry-logs
[2026-03-28 10:26:00] ✅ 远程仓库URL已正确配置
[2026-03-28 10:26:00] 📥 拉取最新更改...
[2026-03-28 10:26:01] ✅ 拉取成功
[2026-03-28 10:26:01] 🚀 推送到GitHub...
[2026-03-28 10:26:02] ✅ GitHub同步成功！
[2026-03-28 10:26:02] 📋 最新提交: 11b2060 [CHORE]: 演武场重筑自动同步
[2026-03-28 10:26:02] 📖 共同记忆已更新
[2026-03-28 10:26:02] 🎉 GitHub同步流程完成
[2026-03-28 10:26:02] 🩺 执行健康检查...
[2026-03-28 10:32:38] 🚀 开始GitHub同步
[2026-03-28 10:32:38] 🔍 检查Git状态...
[2026-03-28 10:32:38] 📝 发现未提交的更改
[2026-03-28 10:32:38] ⚠️  提交信息格式不符合规范，自动修正
[2026-03-28 10:32:38] ✅ 提交完成: [CHORE]: 演武场重筑自动同步
[2026-03-28 10:32:38] 🌐 配置远程仓库: oceanuf/amber-sentry-logs
[2026-03-28 10:32:38] ✅ 远程仓库URL已正确配置
[2026-03-28 10:32:38] 📥 拉取最新更改...
[2026-03-28 10:32:39] ✅ 拉取成功
[2026-03-28 10:32:39] 🚀 推送到GitHub...
[2026-03-28 10:32:42] ✅ GitHub同步成功！
[2026-03-28 10:32:42] 📋 最新提交: f52b986 [CHORE]: 演武场重筑自动同步
[2026-03-28 10:32:42] 📖 共同记忆已更新
[2026-03-28 10:32:42] 🎉 GitHub同步流程完成
[2026-03-28 10:32:42] 🩺 执行健康检查...
[2026-03-28 10:33:45] 🚀 开始GitHub同步
[2026-03-28 10:33:45] 🔍 检查Git状态...
[2026-03-28 10:33:45] 📝 发现未提交的更改
[2026-03-28 10:33:45] ⚠️  提交信息格式不符合规范，自动修正
[2026-03-28 10:33:45] ✅ 提交完成: [CHORE]: 演武场重筑自动同步
[2026-03-28 10:33:45] 🌐 配置远程仓库: oceanuf/amber-sentry-logs
[2026-03-28 10:33:45] ✅ 远程仓库URL已正确配置
[2026-03-28 10:33:45] 📥 拉取最新更改...
[2026-03-28 10:33:47] ✅ 拉取成功
[2026-03-28 10:33:47] 🚀 推送到GitHub...
[2026-03-28 10:33:48] ✅ GitHub同步成功！
[2026-03-28 10:33:48] 📋 最新提交: b9d1d53 [CHORE]: 演武场重筑自动同步
[2026-03-28 10:33:48] 📖 共同记忆已更新
[2026-03-28 10:33:48] 🎉 GitHub同步流程完成
[2026-03-28 10:33:48] 🩺 执行健康检查...
[2026-03-28 10:35:19] 🚀 开始GitHub同步
[2026-03-28 10:35:19] 🔍 检查Git状态...
[2026-03-28 10:35:19] 📝 发现未提交的更改
[2026-03-28 10:35:19] ⚠️  提交信息格式不符合规范，自动修正
[2026-03-28 10:35:19] ✅ 提交完成: [CHORE]: 演武场重筑自动同步
[2026-03-28 10:35:19] 🌐 配置远程仓库: oceanuf/amber-sentry-logs
[2026-03-28 10:35:19] ✅ 远程仓库URL已正确配置
[2026-03-28 10:35:19] 📥 拉取最新更改...
[2026-03-28 10:35:21] ✅ 拉取成功
[2026-03-28 10:35:21] 🚀 推送到GitHub...
[2026-03-28 10:35:22] ✅ GitHub同步成功！
[2026-03-28 10:35:22] 📋 最新提交: 749abbb [CHORE]: 演武场重筑自动同步
[2026-03-28 10:35:22] 📖 共同记忆已更新
[2026-03-28 10:35:22] 🎉 GitHub同步流程完成
[2026-03-28 10:35:22] 🩺 执行健康检查...
[2026-03-28 10:41:00] 🚀 开始GitHub同步
[2026-03-28 10:41:00] 🔍 检查Git状态...
[2026-03-28 10:41:00] 📝 发现未提交的更改
[2026-03-28 10:41:00] ⚠️  提交信息格式不符合规范，自动修正
[2026-03-28 10:41:00] ✅ 提交完成: [CHORE]: 演武场重筑自动同步
[2026-03-28 10:41:00] 🌐 配置远程仓库: oceanuf/amber-sentry-logs
[2026-03-28 10:41:00] ✅ 远程仓库URL已正确配置
[2026-03-28 10:41:00] 📥 拉取最新更改...
[2026-03-28 10:41:02] ✅ 拉取成功
[2026-03-28 10:41:02] 🚀 推送到GitHub...
[2026-03-28 10:41:03] ✅ GitHub同步成功！
[2026-03-28 10:41:03] 📋 最新提交: cae2ea4 [CHORE]: 演武场重筑自动同步
[2026-03-28 10:41:03] 📖 共同记忆已更新
[2026-03-28 10:41:03] 🎉 GitHub同步流程完成
[2026-03-28 10:41:03] 🩺 执行健康检查...
[2026-03-28 10:45:14] 🚀 开始GitHub同步
[2026-03-28 10:45:14] 🔍 检查Git状态...
[2026-03-28 10:45:14] 📝 发现未提交的更改
[2026-03-28 10:45:14] ⚠️  提交信息格式不符合规范，自动修正
[2026-03-28 10:45:14] ✅ 提交完成: [CHORE]: 同步GitHub: [2613-188号]渲染引擎除颤完成
[2026-03-28 10:45:14] 🌐 配置远程仓库: oceanuf/amber-sentry-logs
[2026-03-28 10:45:14] ✅ 远程仓库URL已正确配置
[2026-03-28 10:45:14] 📥 拉取最新更改...
[2026-03-28 10:45:16] ✅ 拉取成功
[2026-03-28 10:45:16] 🚀 推送到GitHub...
[2026-03-28 10:45:17] ✅ GitHub同步成功！
[2026-03-28 10:45:17] 📋 最新提交: 6945e2d [CHORE]: 同步GitHub: [2613-188号]渲染引擎除颤完成
[2026-03-28 10:45:17] 📖 共同记忆已更新
[2026-03-28 10:45:17] 🎉 GitHub同步流程完成
[2026-03-28 10:45:17] 🩺 执行健康检查...
[2026-03-28 10:55:29] 🚀 开始GitHub同步
[2026-03-28 10:55:29] 🔍 检查Git状态...
[2026-03-28 10:55:29] 📝 发现未提交的更改
[2026-03-28 10:55:29] ⚠️  提交信息格式不符合规范，自动修正
[2026-03-28 10:55:29] ✅ 提交完成: [CHORE]: 演武场重筑自动同步
[2026-03-28 10:55:29] 🌐 配置远程仓库: oceanuf/amber-sentry-logs
[2026-03-28 10:55:29] ✅ 远程仓库URL已正确配置
[2026-03-28 10:55:29] 📥 拉取最新更改...
[2026-03-28 10:55:30] ✅ 拉取成功
[2026-03-28 10:55:30] 🚀 推送到GitHub...
[2026-03-28 10:55:32] ✅ GitHub同步成功！
[2026-03-28 10:55:32] 📋 最新提交: d7e0954 [CHORE]: 演武场重筑自动同步
[2026-03-28 10:55:32] 📖 共同记忆已更新
[2026-03-28 10:55:32] 🎉 GitHub同步流程完成
[2026-03-28 10:55:32] 🩺 执行健康检查...
[2026-03-28 10:56:07] 🚀 开始GitHub同步
[2026-03-28 10:56:07] 🔍 检查Git状态...
[2026-03-28 10:56:07] 📝 发现未提交的更改
[2026-03-28 10:56:07] ⚠️  提交信息格式不符合规范，自动修正
[2026-03-28 10:56:07] ✅ 提交完成: [CHORE]: 演武场重筑自动同步
[2026-03-28 10:56:07] 🌐 配置远程仓库: oceanuf/amber-sentry-logs
[2026-03-28 10:56:07] ✅ 远程仓库URL已正确配置
[2026-03-28 10:56:07] 📥 拉取最新更改...
[2026-03-28 10:56:09] ✅ 拉取成功
[2026-03-28 10:56:09] 🚀 推送到GitHub...
[2026-03-28 10:56:10] ✅ GitHub同步成功！
[2026-03-28 10:56:10] 📋 最新提交: da86196 [CHORE]: 演武场重筑自动同步
[2026-03-28 10:56:10] 📖 共同记忆已更新
[2026-03-28 10:56:10] 🎉 GitHub同步流程完成
[2026-03-28 10:56:10] 🩺 执行健康检查...
[2026-03-28 11:11:08] 🚀 开始GitHub同步
[2026-03-28 11:11:08] 🔍 检查Git状态...
[2026-03-28 11:11:08] 📝 发现未提交的更改
[2026-03-28 11:11:08] ⚠️  提交信息格式不符合规范，自动修正
[2026-03-28 11:11:08] ✅ 提交完成: [CHORE]: 演武场重筑自动同步
[2026-03-28 11:11:08] 🌐 配置远程仓库: oceanuf/amber-sentry-logs
[2026-03-28 11:11:08] ✅ 远程仓库URL已正确配置
[2026-03-28 11:11:08] 📥 拉取最新更改...
[2026-03-28 11:11:10] ✅ 拉取成功
[2026-03-28 11:11:10] 🚀 推送到GitHub...
[2026-03-28 11:11:12] ✅ GitHub同步成功！
[2026-03-28 11:11:12] 📋 最新提交: 8bbf02b [CHORE]: 演武场重筑自动同步
[2026-03-28 11:11:12] 📖 共同记忆已更新
[2026-03-28 11:11:12] 🎉 GitHub同步流程完成
[2026-03-28 11:11:12] 🩺 执行健康检查...
[2026-03-28 11:24:33] 🚀 开始GitHub同步
[2026-03-28 11:24:33] 🔍 检查Git状态...
[2026-03-28 11:24:33] 📝 发现未提交的更改
[2026-03-28 11:24:33] ⚠️  提交信息格式不符合规范，自动修正
[2026-03-28 11:24:33] ✅ 提交完成: [CHORE]: 演武场重筑自动同步
[2026-03-28 11:24:33] 🌐 配置远程仓库: oceanuf/amber-sentry-logs
[2026-03-28 11:24:33] ✅ 远程仓库URL已正确配置
[2026-03-28 11:24:33] 📥 拉取最新更改...
[2026-03-28 11:26:02] 🚀 开始GitHub同步
[2026-03-28 11:26:02] 🔍 检查Git状态...
[2026-03-28 11:26:02] 📝 发现未提交的更改
[2026-03-28 11:26:02] ⚠️  提交信息格式不符合规范，自动修正
[2026-03-28 11:26:02] ✅ 提交完成: [CHORE]: 演武场重筑自动同步
[2026-03-28 11:26:02] 🌐 配置远程仓库: oceanuf/amber-sentry-logs
[2026-03-28 11:26:02] ✅ 远程仓库URL已正确配置
[2026-03-28 11:26:02] 📥 拉取最新更改...
[2026-03-28 11:26:04] ✅ 拉取成功
[2026-03-28 11:26:04] 🚀 推送到GitHub...
[2026-03-28 11:26:05] ✅ GitHub同步成功！
[2026-03-28 11:26:05] 📋 最新提交: c3d88c7 [CHORE]: 演武场重筑自动同步
[2026-03-28 11:26:05] 📖 共同记忆已更新
[2026-03-28 11:26:05] 🎉 GitHub同步流程完成
[2026-03-28 11:26:05] 🩺 执行健康检查...
[2026-03-28 11:26:43] ⚠️  拉取失败或无需拉取，继续推送
[2026-03-28 11:26:43] 🚀 推送到GitHub...
[2026-03-28 11:26:44] ✅ GitHub同步成功！
[2026-03-28 11:26:44] 📋 最新提交: c3d88c7 [CHORE]: 演武场重筑自动同步
[2026-03-28 11:26:44] 📖 共同记忆已更新
[2026-03-28 11:26:44] 🎉 GitHub同步流程完成
[2026-03-28 11:26:44] 🩺 执行健康检查...
[2026-03-28 11:28:10] 🚀 开始GitHub同步
[2026-03-28 11:28:10] 🔍 检查Git状态...
[2026-03-28 11:28:10] 📝 发现未提交的更改
[2026-03-28 11:28:10] ⚠️  提交信息格式不符合规范，自动修正
[2026-03-28 11:28:10] ✅ 提交完成: [CHORE]: 演武场重筑自动同步
[2026-03-28 11:28:10] 🌐 配置远程仓库: oceanuf/amber-sentry-logs
[2026-03-28 11:28:10] ✅ 远程仓库URL已正确配置
[2026-03-28 11:28:10] 📥 拉取最新更改...
[2026-03-28 11:28:12] ✅ 拉取成功
[2026-03-28 11:28:12] 🚀 推送到GitHub...
[2026-03-28 11:28:13] ✅ GitHub同步成功！
[2026-03-28 11:28:13] 📋 最新提交: 4b3999f [CHORE]: 演武场重筑自动同步
[2026-03-28 11:28:13] 📖 共同记忆已更新
[2026-03-28 11:28:13] 🎉 GitHub同步流程完成
[2026-03-28 11:28:13] 🩺 执行健康检查...
[2026-03-28 11:41:07] 🚀 开始GitHub同步
[2026-03-28 11:41:07] 🔍 检查Git状态...
[2026-03-28 11:41:07] 📝 发现未提交的更改
[2026-03-28 11:41:07] ⚠️  提交信息格式不符合规范，自动修正
[2026-03-28 11:41:07] ✅ 提交完成: [CHORE]: 演武场重筑自动同步
[2026-03-28 11:41:07] 🌐 配置远程仓库: oceanuf/amber-sentry-logs
[2026-03-28 11:41:07] ✅ 远程仓库URL已正确配置
[2026-03-28 11:41:07] 📥 拉取最新更改...
[2026-03-28 11:41:08] ✅ 拉取成功
[2026-03-28 11:41:08] 🚀 推送到GitHub...
[2026-03-28 11:41:10] ✅ GitHub同步成功！
[2026-03-28 11:41:10] 📋 最新提交: 93adefe [CHORE]: 演武场重筑自动同步
[2026-03-28 11:41:10] 📖 共同记忆已更新
[2026-03-28 11:41:10] 🎉 GitHub同步流程完成
[2026-03-28 11:41:10] 🩺 执行健康检查...
[2026-03-28 11:50:00] 🚀 开始GitHub同步
[2026-03-28 11:50:00] 🔍 检查Git状态...
[2026-03-28 11:51:21] 🚀 开始GitHub同步
[2026-03-28 11:51:21] 🔍 检查Git状态...
[2026-03-28 11:51:21] 📝 发现未提交的更改
[2026-03-28 11:51:21] ✅ 提交完成: [FIX]: [2613-193号]GitHub源码级修复完成，渲染器死循环终结
[2026-03-28 11:51:21] 🌐 配置远程仓库: oceanuf/amber-sentry-logs
[2026-03-28 11:51:21] ✅ 远程仓库URL已正确配置
[2026-03-28 11:51:21] 📥 拉取最新更改...
[2026-03-28 11:51:24] ✅ 拉取成功
[2026-03-28 11:51:24] 🚀 推送到GitHub...
[2026-03-28 11:51:27] ✅ GitHub同步成功！
[2026-03-28 11:51:27] 📋 最新提交: 70c2cd9 [FIX]: [2613-193号]GitHub源码级修复完成，渲染器死循环终结
[2026-03-28 11:51:27] 📖 共同记忆已更新
[2026-03-28 11:51:27] 🎉 GitHub同步流程完成
[2026-03-28 11:51:27] 🩺 执行健康检查...
[2026-03-28 11:55:53] 🚀 开始GitHub同步
[2026-03-28 11:55:53] 🔍 检查Git状态...
[2026-03-28 11:55:53] 📝 发现未提交的更改
[2026-03-28 11:55:53] ⚠️  提交信息格式不符合规范，自动修正
[2026-03-28 11:55:53] ✅ 提交完成: [CHORE]: 演武场重筑自动同步
[2026-03-28 11:55:53] 🌐 配置远程仓库: oceanuf/amber-sentry-logs
[2026-03-28 11:55:53] ✅ 远程仓库URL已正确配置
[2026-03-28 11:55:53] 📥 拉取最新更改...
[2026-03-28 11:55:55] ✅ 拉取成功
[2026-03-28 11:55:55] 🚀 推送到GitHub...
[2026-03-28 11:56:45] 🚀 开始GitHub同步
[2026-03-28 11:56:45] 🔍 检查Git状态...
[2026-03-28 11:56:45] 📝 发现未提交的更改
[2026-03-28 11:56:45] ⚠️  提交信息格式不符合规范，自动修正
[2026-03-28 11:56:45] ✅ 提交完成: [CHORE]: 演武场重筑自动同步
[2026-03-28 11:56:45] 🌐 配置远程仓库: oceanuf/amber-sentry-logs
[2026-03-28 11:56:45] ✅ 远程仓库URL已正确配置
[2026-03-28 11:56:45] 📥 拉取最新更改...
[2026-03-28 11:56:46] ✅ 拉取成功
[2026-03-28 11:56:46] 🚀 推送到GitHub...
[2026-03-28 11:56:48] ✅ GitHub同步成功！
[2026-03-28 11:56:48] 📋 最新提交: 7330e85 [CHORE]: 演武场重筑自动同步
[2026-03-28 11:56:48] 📖 共同记忆已更新
[2026-03-28 11:56:48] 🎉 GitHub同步流程完成
[2026-03-28 11:56:48] 🩺 执行健康检查...
[2026-03-28 12:05:13] 🚀 开始GitHub同步
[2026-03-28 12:05:13] 🔍 检查Git状态...
[2026-03-28 12:05:13] 📝 发现未提交的更改
[2026-03-28 12:05:13] ⚠️  提交信息格式不符合规范，自动修正
[2026-03-28 12:05:13] ✅ 提交完成: [CHORE]: 同步GitHub: 主编指令
[2026-03-28 12:05:13] 🌐 配置远程仓库: oceanuf/amber-sentry-logs
[2026-03-28 12:05:13] ✅ 远程仓库URL已正确配置
[2026-03-28 12:05:13] 📥 拉取最新更改...
[2026-03-28 12:05:14] ✅ 拉取成功
[2026-03-28 12:05:14] 🚀 推送到GitHub...
[2026-03-28 12:05:16] ✅ GitHub同步成功！
[2026-03-28 12:05:16] 📋 最新提交: b31a686 [CHORE]: 同步GitHub: 主编指令
[2026-03-28 12:05:16] 📖 共同记忆已更新
[2026-03-28 12:05:16] 🎉 GitHub同步流程完成
[2026-03-28 12:05:16] 🩺 执行健康检查...
[2026-03-28 12:11:03] 🚀 开始GitHub同步
[2026-03-28 12:11:03] 🔍 检查Git状态...
[2026-03-28 12:11:03] 📝 发现未提交的更改
[2026-03-28 12:11:03] ⚠️  提交信息格式不符合规范，自动修正
[2026-03-28 12:11:03] ✅ 提交完成: [CHORE]: 演武场重筑自动同步
[2026-03-28 12:11:03] 🌐 配置远程仓库: oceanuf/amber-sentry-logs
[2026-03-28 12:11:03] ✅ 远程仓库URL已正确配置
[2026-03-28 12:11:03] 📥 拉取最新更改...
[2026-03-28 12:11:06] ✅ 拉取成功
[2026-03-28 12:11:06] 🚀 推送到GitHub...
[2026-03-28 12:11:08] ✅ GitHub同步成功！
[2026-03-28 12:11:08] 📋 最新提交: 199f7f4 [CHORE]: 演武场重筑自动同步
[2026-03-28 12:11:08] 📖 共同记忆已更新
[2026-03-28 12:11:08] 🎉 GitHub同步流程完成
[2026-03-28 12:11:08] 🩺 执行健康检查...
[2026-03-28 12:25:57] 🚀 开始GitHub同步
[2026-03-28 12:25:57] 🔍 检查Git状态...
[2026-03-28 12:25:57] 📝 发现未提交的更改
[2026-03-28 12:25:57] ⚠️  提交信息格式不符合规范，自动修正
[2026-03-28 12:25:57] ✅ 提交完成: [CHORE]: 演武场重筑自动同步
[2026-03-28 12:25:57] 🌐 配置远程仓库: oceanuf/amber-sentry-logs
[2026-03-28 12:25:57] ✅ 远程仓库URL已正确配置
[2026-03-28 12:25:57] 📥 拉取最新更改...
[2026-03-28 12:25:59] ✅ 拉取成功
[2026-03-28 12:25:59] 🚀 推送到GitHub...
[2026-03-28 12:26:02] ✅ GitHub同步成功！
[2026-03-28 12:26:02] 📋 最新提交: 18b80c7 [CHORE]: 演武场重筑自动同步
[2026-03-28 12:26:02] 📖 共同记忆已更新
[2026-03-28 12:26:02] 🎉 GitHub同步流程完成
[2026-03-28 12:26:02] 🩺 执行健康检查...
[2026-03-28 12:30:01] 🚀 开始GitHub同步
[2026-03-28 12:30:01] 🔍 检查Git状态...
[2026-03-28 12:30:01] 📝 发现未提交的更改
[2026-03-28 12:30:01] ⚠️  提交信息格式不符合规范，自动修正
[2026-03-28 12:30:01] ✅ 提交完成: [CHORE]: 演武场重筑自动同步
[2026-03-28 12:30:01] 🌐 配置远程仓库: oceanuf/amber-sentry-logs
[2026-03-28 12:30:01] ✅ 远程仓库URL已正确配置
[2026-03-28 12:30:01] 📥 拉取最新更改...
[2026-03-28 12:30:03] ✅ 拉取成功
[2026-03-28 12:30:03] 🚀 推送到GitHub...
[2026-03-28 12:30:04] ✅ GitHub同步成功！
[2026-03-28 12:30:04] 📋 最新提交: cbb3008 [CHORE]: 演武场重筑自动同步
[2026-03-28 12:30:04] 📖 共同记忆已更新
[2026-03-28 12:30:04] 🎉 GitHub同步流程完成
[2026-03-28 12:30:04] 🩺 执行健康检查...
[2026-03-28 12:41:03] 🚀 开始GitHub同步
[2026-03-28 12:41:03] 🔍 检查Git状态...
[2026-03-28 12:41:03] 📝 发现未提交的更改
[2026-03-28 12:41:03] ⚠️  提交信息格式不符合规范，自动修正
[2026-03-28 12:41:03] ✅ 提交完成: [CHORE]: 演武场重筑自动同步
[2026-03-28 12:41:03] 🌐 配置远程仓库: oceanuf/amber-sentry-logs
[2026-03-28 12:41:03] ✅ 远程仓库URL已正确配置
[2026-03-28 12:41:03] 📥 拉取最新更改...
[2026-03-28 12:41:46] 🚀 开始GitHub同步
[2026-03-28 12:41:46] 🔍 检查Git状态...
[2026-03-28 12:41:46] 📝 发现未提交的更改
[2026-03-28 12:41:46] ⚠️  提交信息格式不符合规范，自动修正
[2026-03-28 12:41:46] ✅ 提交完成: [CHORE]: 演武场重筑自动同步
[2026-03-28 12:41:46] 🌐 配置远程仓库: oceanuf/amber-sentry-logs
[2026-03-28 12:41:46] ✅ 远程仓库URL已正确配置
[2026-03-28 12:41:46] 📥 拉取最新更改...
[2026-03-28 12:41:47] ✅ 拉取成功
[2026-03-28 12:41:47] 🚀 推送到GitHub...
[2026-03-28 12:41:49] ✅ GitHub同步成功！
[2026-03-28 12:41:49] 📋 最新提交: 424e6a4 [CHORE]: 演武场重筑自动同步
[2026-03-28 12:41:49] 📖 共同记忆已更新
[2026-03-28 12:41:49] 🎉 GitHub同步流程完成
[2026-03-28 12:41:49] 🩺 执行健康检查...
[2026-03-28 12:45:02] 🚀 开始GitHub同步
[2026-03-28 12:45:02] 🔍 检查Git状态...
[2026-03-28 12:45:02] 📝 发现未提交的更改
[2026-03-28 12:45:02] ⚠️  提交信息格式不符合规范，自动修正
[2026-03-28 12:45:02] ✅ 提交完成: [CHORE]: 演武场重筑自动同步
[2026-03-28 12:45:02] 🌐 配置远程仓库: oceanuf/amber-sentry-logs
[2026-03-28 12:45:02] ✅ 远程仓库URL已正确配置
[2026-03-28 12:45:02] 📥 拉取最新更改...
[2026-03-28 12:45:03] ✅ 拉取成功
[2026-03-28 12:45:03] 🚀 推送到GitHub...
[2026-03-28 12:45:05] ✅ GitHub同步成功！
[2026-03-28 12:45:05] 📋 最新提交: 9dffed5 [CHORE]: 演武场重筑自动同步
[2026-03-28 12:45:05] 📖 共同记忆已更新
[2026-03-28 12:45:05] 🎉 GitHub同步流程完成
[2026-03-28 12:45:05] 🩺 执行健康检查...
[2026-03-28 12:47:44] 🚀 开始GitHub同步
[2026-03-28 12:47:44] 🔍 检查Git状态...
[2026-03-28 12:47:44] 📝 发现未提交的更改
[2026-03-28 12:47:44] ⚠️  提交信息格式不符合规范，自动修正
[2026-03-28 12:47:44] ✅ 提交完成: [CHORE]: 演武场重筑自动同步
[2026-03-28 12:47:44] 🌐 配置远程仓库: oceanuf/amber-sentry-logs
[2026-03-28 12:47:44] ✅ 远程仓库URL已正确配置
[2026-03-28 12:47:44] 📥 拉取最新更改...
[2026-03-28 12:47:45] ✅ 拉取成功
[2026-03-28 12:47:45] 🚀 推送到GitHub...
[2026-03-28 12:47:48] ✅ GitHub同步成功！
[2026-03-28 12:47:48] 📋 最新提交: 34a61e3 [CHORE]: 演武场重筑自动同步
[2026-03-28 12:47:48] 📖 共同记忆已更新
[2026-03-28 12:47:48] 🎉 GitHub同步流程完成
[2026-03-28 12:47:48] 🩺 执行健康检查...
[2026-03-28 12:48:39] 🚀 开始GitHub同步
[2026-03-28 12:48:39] 🔍 检查Git状态...
[2026-03-28 12:48:39] 📝 发现未提交的更改
[2026-03-28 12:48:39] ⚠️  提交信息格式不符合规范，自动修正
[2026-03-28 12:48:39] ✅ 提交完成: [CHORE]: 演武场重筑自动同步
[2026-03-28 12:48:39] 🌐 配置远程仓库: oceanuf/amber-sentry-logs
[2026-03-28 12:48:39] ✅ 远程仓库URL已正确配置
[2026-03-28 12:48:39] 📥 拉取最新更改...
[2026-03-28 12:48:41] ✅ 拉取成功
[2026-03-28 12:48:41] 🚀 推送到GitHub...
[2026-03-28 12:48:43] ✅ GitHub同步成功！
[2026-03-28 12:48:43] 📋 最新提交: 216aa73 [CHORE]: 演武场重筑自动同步
[2026-03-28 12:48:43] 📖 共同记忆已更新
[2026-03-28 12:48:43] 🎉 GitHub同步流程完成
[2026-03-28 12:48:43] 🩺 执行健康检查...
[2026-03-28 12:56:02] 🚀 开始GitHub同步
[2026-03-28 12:56:02] 🔍 检查Git状态...
[2026-03-28 12:56:02] 📝 发现未提交的更改
[2026-03-28 12:56:02] ⚠️  提交信息格式不符合规范，自动修正
[2026-03-28 12:56:02] ✅ 提交完成: [CHORE]: 演武场重筑自动同步
[2026-03-28 12:56:02] 🌐 配置远程仓库: oceanuf/amber-sentry-logs
[2026-03-28 12:56:02] ✅ 远程仓库URL已正确配置
[2026-03-28 12:56:02] 📥 拉取最新更改...
[2026-03-28 12:56:04] ✅ 拉取成功
[2026-03-28 12:56:04] 🚀 推送到GitHub...
[2026-03-28 12:56:06] ✅ GitHub同步成功！
[2026-03-28 12:56:06] 📋 最新提交: 4a6f76a [CHORE]: 演武场重筑自动同步
[2026-03-28 12:56:06] 📖 共同记忆已更新
[2026-03-28 12:56:06] 🎉 GitHub同步流程完成
[2026-03-28 12:56:06] 🩺 执行健康检查...
[2026-03-28 13:00:01] 🚀 开始GitHub同步
[2026-03-28 13:00:01] 🔍 检查Git状态...
[2026-03-28 13:00:01] 📝 发现未提交的更改
[2026-03-28 13:00:01] ⚠️  提交信息格式不符合规范，自动修正
[2026-03-28 13:00:01] ✅ 提交完成: [CHORE]: 演武场重筑自动同步
[2026-03-28 13:00:01] 🌐 配置远程仓库: oceanuf/amber-sentry-logs
[2026-03-28 13:00:01] ✅ 远程仓库URL已正确配置
[2026-03-28 13:00:01] 📥 拉取最新更改...
[2026-03-28 13:02:11] ⚠️  拉取失败或无需拉取，继续推送
[2026-03-28 13:02:11] 🚀 推送到GitHub...
[2026-03-28 13:02:14] ✅ GitHub同步成功！
[2026-03-28 13:02:14] 📋 最新提交: bef7937 [CHORE]: 演武场重筑自动同步
[2026-03-28 13:02:14] 📖 共同记忆已更新
[2026-03-28 13:02:14] 🎉 GitHub同步流程完成
[2026-03-28 13:02:14] 🩺 执行健康检查...
[2026-03-28 13:10:58] 🚀 开始GitHub同步
[2026-03-28 13:10:58] 🔍 检查Git状态...
[2026-03-28 13:10:58] 📝 发现未提交的更改
[2026-03-28 13:10:58] ⚠️  提交信息格式不符合规范，自动修正
[2026-03-28 13:10:58] ✅ 提交完成: [CHORE]: 演武场重筑自动同步
[2026-03-28 13:10:58] 🌐 配置远程仓库: oceanuf/amber-sentry-logs
[2026-03-28 13:10:58] ✅ 远程仓库URL已正确配置
[2026-03-28 13:10:58] 📥 拉取最新更改...
[2026-03-28 13:11:05] ✅ 拉取成功
[2026-03-28 13:11:05] 🚀 推送到GitHub...
[2026-03-28 13:11:07] ✅ GitHub同步成功！
[2026-03-28 13:11:07] 📋 最新提交: 2ab2637 [CHORE]: 演武场重筑自动同步
[2026-03-28 13:11:07] 📖 共同记忆已更新
[2026-03-28 13:11:07] 🎉 GitHub同步流程完成
[2026-03-28 13:11:07] 🩺 执行健康检查...
[2026-03-28 13:11:57] 🚀 开始GitHub同步
[2026-03-28 13:11:57] 🔍 检查Git状态...
[2026-03-28 13:11:57] 📝 发现未提交的更改
[2026-03-28 13:11:57] ⚠️  提交信息格式不符合规范，自动修正
[2026-03-28 13:11:57] ✅ 提交完成: [CHORE]: 演武场重筑自动同步
[2026-03-28 13:11:57] 🌐 配置远程仓库: oceanuf/amber-sentry-logs
[2026-03-28 13:11:57] ✅ 远程仓库URL已正确配置
[2026-03-28 13:11:57] 📥 拉取最新更改...
[2026-03-28 13:11:59] ✅ 拉取成功
[2026-03-28 13:11:59] 🚀 推送到GitHub...
[2026-03-28 13:12:01] ✅ GitHub同步成功！
[2026-03-28 13:12:01] 📋 最新提交: 2219ae9 [CHORE]: 演武场重筑自动同步
[2026-03-28 13:12:01] 📖 共同记忆已更新
[2026-03-28 13:12:01] 🎉 GitHub同步流程完成
[2026-03-28 13:12:01] 🩺 执行健康检查...
[2026-03-28 13:12:35] 🚀 开始GitHub同步
[2026-03-28 13:12:35] 🔍 检查Git状态...
[2026-03-28 13:12:35] 📝 发现未提交的更改
[2026-03-28 13:12:35] ✅ 提交完成: [CHORE]: 自动同步 2026-03-28 13:12:35
[2026-03-28 13:12:35] 🌐 配置远程仓库: oceanuf/amber-sentry-logs
[2026-03-28 13:12:35] ✅ 远程仓库URL已正确配置
[2026-03-28 13:12:35] 📥 拉取最新更改...
[2026-03-28 13:12:37] ✅ 拉取成功
[2026-03-28 13:12:37] 🚀 推送到GitHub...
[2026-03-28 13:12:39] ✅ GitHub同步成功！
[2026-03-28 13:12:39] 📋 最新提交: 8dd960f [CHORE]: 自动同步 2026-03-28 13:12:35
[2026-03-28 13:12:39] 📖 共同记忆已更新
[2026-03-28 13:12:39] 🎉 GitHub同步流程完成
[2026-03-28 13:12:39] 🩺 执行健康检查...
[2026-03-28 13:15:01] 🚀 开始GitHub同步
[2026-03-28 13:15:01] 🔍 检查Git状态...
[2026-03-28 13:15:01] 📝 发现未提交的更改
[2026-03-28 13:15:01] ⚠️  提交信息格式不符合规范，自动修正
[2026-03-28 13:15:01] ✅ 提交完成: [CHORE]: 演武场重筑自动同步
[2026-03-28 13:15:01] 🌐 配置远程仓库: oceanuf/amber-sentry-logs
[2026-03-28 13:15:01] ✅ 远程仓库URL已正确配置
[2026-03-28 13:15:01] 📥 拉取最新更改...
[2026-03-28 13:15:03] ✅ 拉取成功
[2026-03-28 13:15:03] 🚀 推送到GitHub...
[2026-03-28 13:15:05] ✅ GitHub同步成功！
[2026-03-28 13:15:05] 📋 最新提交: 55d53fc [CHORE]: 演武场重筑自动同步
[2026-03-28 13:15:05] 📖 共同记忆已更新
[2026-03-28 13:15:05] 🎉 GitHub同步流程完成
[2026-03-28 13:15:05] 🩺 执行健康检查...
[2026-03-28 13:26:05] 🚀 开始GitHub同步
[2026-03-28 13:26:05] 🔍 检查Git状态...
[2026-03-28 13:26:05] 📝 发现未提交的更改
[2026-03-28 13:26:05] ⚠️  提交信息格式不符合规范，自动修正
[2026-03-28 13:26:05] ✅ 提交完成: [CHORE]: 演武场重筑自动同步
[2026-03-28 13:26:05] 🌐 配置远程仓库: oceanuf/amber-sentry-logs
[2026-03-28 13:26:05] ✅ 远程仓库URL已正确配置
[2026-03-28 13:26:05] 📥 拉取最新更改...
[2026-03-28 13:26:08] ✅ 拉取成功
[2026-03-28 13:26:08] 🚀 推送到GitHub...
[2026-03-28 13:26:11] ✅ GitHub同步成功！
[2026-03-28 13:26:11] 📋 最新提交: b934cc8 [CHORE]: 演武场重筑自动同步
[2026-03-28 13:26:11] 📖 共同记忆已更新
[2026-03-28 13:26:11] 🎉 GitHub同步流程完成
[2026-03-28 13:26:11] 🩺 执行健康检查...
[2026-03-28 13:30:01] 🚀 开始GitHub同步
[2026-03-28 13:30:01] 🔍 检查Git状态...
[2026-03-28 13:30:01] 📝 发现未提交的更改
[2026-03-28 13:30:01] ⚠️  提交信息格式不符合规范，自动修正
[2026-03-28 13:30:01] ✅ 提交完成: [CHORE]: 演武场重筑自动同步
[2026-03-28 13:30:01] 🌐 配置远程仓库: oceanuf/amber-sentry-logs
[2026-03-28 13:30:01] ✅ 远程仓库URL已正确配置
[2026-03-28 13:30:01] 📥 拉取最新更改...
[2026-03-28 13:30:03] ✅ 拉取成功
[2026-03-28 13:30:03] 🚀 推送到GitHub...
[2026-03-28 13:32:14] ❌ GitHub推送失败
[2026-03-28 13:32:14] 🔧 错误信息已记录到日志
[2026-03-28 13:40:54] 🚀 开始GitHub同步
[2026-03-28 13:40:54] 🔍 检查Git状态...
[2026-03-28 13:40:54] 📝 发现未提交的更改
[2026-03-28 13:40:54] ⚠️  提交信息格式不符合规范，自动修正
[2026-03-28 13:40:54] ✅ 提交完成: [CHORE]: 演武场重筑自动同步
[2026-03-28 13:40:54] 🌐 配置远程仓库: oceanuf/amber-sentry-logs
[2026-03-28 13:40:54] ✅ 远程仓库URL已正确配置
[2026-03-28 13:40:54] 📥 拉取最新更改...
[2026-03-28 13:40:56] ✅ 拉取成功
[2026-03-28 13:40:56] 🚀 推送到GitHub...
[2026-03-28 13:40:59] ✅ GitHub同步成功！
[2026-03-28 13:40:59] 📋 最新提交: dfc2ded [CHORE]: 演武场重筑自动同步
[2026-03-28 13:40:59] 📖 共同记忆已更新
[2026-03-28 13:40:59] 🎉 GitHub同步流程完成
[2026-03-28 13:40:59] 🩺 执行健康检查...
[2026-03-28 13:45:01] 🚀 开始GitHub同步
[2026-03-28 13:45:01] 🔍 检查Git状态...
[2026-03-28 13:45:01] 📝 发现未提交的更改
[2026-03-28 13:45:01] ⚠️  提交信息格式不符合规范，自动修正
[2026-03-28 13:45:01] ✅ 提交完成: [CHORE]: 演武场重筑自动同步
[2026-03-28 13:45:01] 🌐 配置远程仓库: oceanuf/amber-sentry-logs
[2026-03-28 13:45:01] ✅ 远程仓库URL已正确配置
[2026-03-28 13:45:01] 📥 拉取最新更改...
[2026-03-28 13:45:03] ✅ 拉取成功
[2026-03-28 13:45:03] 🚀 推送到GitHub...
[2026-03-28 13:45:04] ✅ GitHub同步成功！
[2026-03-28 13:45:04] 📋 最新提交: 49a9616 [CHORE]: 演武场重筑自动同步
[2026-03-28 13:45:04] 📖 共同记忆已更新
[2026-03-28 13:45:04] 🎉 GitHub同步流程完成
[2026-03-28 13:45:04] 🩺 执行健康检查...
[2026-03-28 13:56:00] 🚀 开始GitHub同步
[2026-03-28 13:56:00] 🔍 检查Git状态...
[2026-03-28 13:56:00] 📝 发现未提交的更改
[2026-03-28 13:56:00] ⚠️  提交信息格式不符合规范，自动修正
[2026-03-28 13:56:00] ✅ 提交完成: [CHORE]: 演武场重筑自动同步
[2026-03-28 13:56:00] 🌐 配置远程仓库: oceanuf/amber-sentry-logs
[2026-03-28 13:56:00] ✅ 远程仓库URL已正确配置
[2026-03-28 13:56:00] 📥 拉取最新更改...
[2026-03-28 13:56:02] ✅ 拉取成功
[2026-03-28 13:56:02] 🚀 推送到GitHub...
[2026-03-28 13:56:04] ✅ GitHub同步成功！
[2026-03-28 13:56:04] 📋 最新提交: 18d0b44 [CHORE]: 演武场重筑自动同步
[2026-03-28 13:56:04] 📖 共同记忆已更新
[2026-03-28 13:56:04] 🎉 GitHub同步流程完成
[2026-03-28 13:56:04] 🩺 执行健康检查...
[2026-03-28 14:00:01] 🚀 开始GitHub同步
[2026-03-28 14:00:01] 🔍 检查Git状态...
[2026-03-28 14:00:01] 📝 发现未提交的更改
[2026-03-28 14:00:01] ⚠️  提交信息格式不符合规范，自动修正
[2026-03-28 14:00:01] ✅ 提交完成: [CHORE]: 演武场重筑自动同步
[2026-03-28 14:00:01] 🌐 配置远程仓库: oceanuf/amber-sentry-logs
[2026-03-28 14:00:01] ✅ 远程仓库URL已正确配置
[2026-03-28 14:00:01] 📥 拉取最新更改...
[2026-03-28 14:00:05] ✅ 拉取成功
[2026-03-28 14:00:05] 🚀 推送到GitHub...
[2026-03-28 14:00:07] ✅ GitHub同步成功！
[2026-03-28 14:00:07] 📋 最新提交: 230f229 [CHORE]: 演武场重筑自动同步
[2026-03-28 14:00:07] 📖 共同记忆已更新
[2026-03-28 14:00:07] 🎉 GitHub同步流程完成
[2026-03-28 14:00:07] 🩺 执行健康检查...
[2026-03-28 14:11:22] 🚀 开始GitHub同步
[2026-03-28 14:11:22] 🔍 检查Git状态...
[2026-03-28 14:11:22] 📝 发现未提交的更改
[2026-03-28 14:11:22] ⚠️  提交信息格式不符合规范，自动修正
[2026-03-28 14:11:22] ✅ 提交完成: [CHORE]: 演武场重筑自动同步
[2026-03-28 14:11:22] 🌐 配置远程仓库: oceanuf/amber-sentry-logs
[2026-03-28 14:11:22] ✅ 远程仓库URL已正确配置
[2026-03-28 14:11:22] 📥 拉取最新更改...
[2026-03-28 14:12:08] 🚀 开始GitHub同步
[2026-03-28 14:12:08] 🔍 检查Git状态...
[2026-03-28 14:12:08] 📝 发现未提交的更改
[2026-03-28 14:12:08] ⚠️  提交信息格式不符合规范，自动修正
[2026-03-28 14:12:08] ✅ 提交完成: [CHORE]: 演武场重筑自动同步
[2026-03-28 14:12:08] 🌐 配置远程仓库: oceanuf/amber-sentry-logs
[2026-03-28 14:12:08] ✅ 远程仓库URL已正确配置
[2026-03-28 14:12:08] 📥 拉取最新更改...
[2026-03-28 14:15:02] 🚀 开始GitHub同步
[2026-03-28 14:15:02] 🔍 检查Git状态...
[2026-03-28 14:15:02] 📝 发现未提交的更改
[2026-03-28 14:15:02] ⚠️  提交信息格式不符合规范，自动修正
[2026-03-28 14:15:02] ✅ 提交完成: [CHORE]: 演武场重筑自动同步
[2026-03-28 14:15:02] 🌐 配置远程仓库: oceanuf/amber-sentry-logs
[2026-03-28 14:15:02] ✅ 远程仓库URL已正确配置
[2026-03-28 14:15:02] 📥 拉取最新更改...
[2026-03-28 14:15:03] ✅ 拉取成功
[2026-03-28 14:15:03] 🚀 推送到GitHub...
[2026-03-28 14:15:04] ✅ GitHub同步成功！
[2026-03-28 14:15:04] 📋 最新提交: bf7ba79 [CHORE]: 演武场重筑自动同步
[2026-03-28 14:15:04] 📖 共同记忆已更新
[2026-03-28 14:15:04] 🎉 GitHub同步流程完成
[2026-03-28 14:15:04] 🩺 执行健康检查...
[2026-03-28 14:26:03] 🚀 开始GitHub同步
[2026-03-28 14:26:04] 🔍 检查Git状态...
[2026-03-28 14:26:04] 📝 发现未提交的更改
[2026-03-28 14:26:04] ⚠️  提交信息格式不符合规范，自动修正
[2026-03-28 14:26:04] ✅ 提交完成: [CHORE]: 演武场重筑自动同步
[2026-03-28 14:26:04] 🌐 配置远程仓库: oceanuf/amber-sentry-logs
[2026-03-28 14:26:04] ✅ 远程仓库URL已正确配置
[2026-03-28 14:26:04] 📥 拉取最新更改...
[2026-03-28 14:26:07] ✅ 拉取成功
[2026-03-28 14:26:07] 🚀 推送到GitHub...
[2026-03-28 14:26:08] ✅ GitHub同步成功！
[2026-03-28 14:26:08] 📋 最新提交: 2d423bb [CHORE]: 演武场重筑自动同步
[2026-03-28 14:26:08] 📖 共同记忆已更新
[2026-03-28 14:26:08] 🎉 GitHub同步流程完成
[2026-03-28 14:26:08] 🩺 执行健康检查...
[2026-03-28 14:30:01] 🚀 开始GitHub同步
[2026-03-28 14:30:01] 🔍 检查Git状态...
[2026-03-28 14:30:01] 📝 发现未提交的更改
[2026-03-28 14:30:01] ⚠️  提交信息格式不符合规范，自动修正
[2026-03-28 14:30:01] ✅ 提交完成: [CHORE]: 演武场重筑自动同步
[2026-03-28 14:30:01] 🌐 配置远程仓库: oceanuf/amber-sentry-logs
[2026-03-28 14:30:01] ✅ 远程仓库URL已正确配置
[2026-03-28 14:30:01] 📥 拉取最新更改...
[2026-03-28 14:30:09] ✅ 拉取成功
[2026-03-28 14:30:09] 🚀 推送到GitHub...
[2026-03-28 14:30:12] ✅ GitHub同步成功！
[2026-03-28 14:30:12] 📋 最新提交: 988b4e0 [CHORE]: 演武场重筑自动同步
[2026-03-28 14:30:12] 📖 共同记忆已更新
[2026-03-28 14:30:12] 🎉 GitHub同步流程完成
[2026-03-28 14:30:12] 🩺 执行健康检查...
[2026-03-28 14:41:03] 🚀 开始GitHub同步
[2026-03-28 14:41:03] 🔍 检查Git状态...
[2026-03-28 14:41:03] 📝 发现未提交的更改
[2026-03-28 14:41:03] ⚠️  提交信息格式不符合规范，自动修正
[2026-03-28 14:41:03] ✅ 提交完成: [CHORE]: 演武场重筑自动同步
[2026-03-28 14:41:03] 🌐 配置远程仓库: oceanuf/amber-sentry-logs
[2026-03-28 14:41:03] ✅ 远程仓库URL已正确配置
[2026-03-28 14:41:03] 📥 拉取最新更改...
[2026-03-28 14:41:05] ✅ 拉取成功
[2026-03-28 14:41:05] 🚀 推送到GitHub...
[2026-03-28 14:41:09] ✅ GitHub同步成功！
[2026-03-28 14:41:09] 📋 最新提交: d236f2d [CHORE]: 演武场重筑自动同步
[2026-03-28 14:41:09] 📖 共同记忆已更新
[2026-03-28 14:41:09] 🎉 GitHub同步流程完成
[2026-03-28 14:41:09] 🩺 执行健康检查...
[2026-03-28 14:41:52] 🚀 开始GitHub同步
[2026-03-28 14:41:52] 🔍 检查Git状态...
[2026-03-28 14:41:52] 📝 发现未提交的更改
[2026-03-28 14:41:52] ⚠️  提交信息格式不符合规范，自动修正
[2026-03-28 14:41:52] ✅ 提交完成: [CHORE]: 演武场重筑自动同步
[2026-03-28 14:41:52] 🌐 配置远程仓库: oceanuf/amber-sentry-logs
[2026-03-28 14:41:52] ✅ 远程仓库URL已正确配置
[2026-03-28 14:41:52] 📥 拉取最新更改...
[2026-03-28 14:41:53] ✅ 拉取成功
[2026-03-28 14:41:53] 🚀 推送到GitHub...
[2026-03-28 14:41:56] ✅ GitHub同步成功！
[2026-03-28 14:41:56] 📋 最新提交: 8cf7ba3 [CHORE]: 演武场重筑自动同步
[2026-03-28 14:41:56] 📖 共同记忆已更新
[2026-03-28 14:41:56] 🎉 GitHub同步流程完成
[2026-03-28 14:41:56] 🩺 执行健康检查...
[2026-03-28 14:45:02] 🚀 开始GitHub同步
[2026-03-28 14:45:02] 🔍 检查Git状态...
[2026-03-28 14:45:02] 📝 发现未提交的更改
[2026-03-28 14:45:02] ⚠️  提交信息格式不符合规范，自动修正
[2026-03-28 14:45:02] ✅ 提交完成: [CHORE]: 演武场重筑自动同步
[2026-03-28 14:45:02] 🌐 配置远程仓库: oceanuf/amber-sentry-logs
[2026-03-28 14:45:02] ✅ 远程仓库URL已正确配置
[2026-03-28 14:45:02] 📥 拉取最新更改...
[2026-03-28 14:45:03] ✅ 拉取成功
[2026-03-28 14:45:03] 🚀 推送到GitHub...
[2026-03-28 14:45:05] ✅ GitHub同步成功！
[2026-03-28 14:45:05] 📋 最新提交: 4706f8a [CHORE]: 演武场重筑自动同步
[2026-03-28 14:45:05] 📖 共同记忆已更新
[2026-03-28 14:45:05] 🎉 GitHub同步流程完成
[2026-03-28 14:45:05] 🩺 执行健康检查...
[2026-03-28 14:56:05] 🚀 开始GitHub同步
[2026-03-28 14:56:05] 🔍 检查Git状态...
[2026-03-28 14:56:05] 📝 发现未提交的更改
[2026-03-28 14:56:05] ⚠️  提交信息格式不符合规范，自动修正
[2026-03-28 14:56:05] ✅ 提交完成: [CHORE]: 演武场重筑自动同步
[2026-03-28 14:56:05] 🌐 配置远程仓库: oceanuf/amber-sentry-logs
[2026-03-28 14:56:05] ✅ 远程仓库URL已正确配置
[2026-03-28 14:56:05] 📥 拉取最新更改...
[2026-03-28 14:56:08] ✅ 拉取成功
[2026-03-28 14:56:08] 🚀 推送到GitHub...
[2026-03-28 14:56:26] 🚀 开始GitHub同步
[2026-03-28 14:56:26] 🔍 检查Git状态...
[2026-03-28 14:56:26] 📝 发现未提交的更改
[2026-03-28 14:56:26] ⚠️  提交信息格式不符合规范，自动修正
[2026-03-28 14:56:26] ✅ 提交完成: [CHORE]: 演武场重筑自动同步
[2026-03-28 14:56:26] 🌐 配置远程仓库: oceanuf/amber-sentry-logs
[2026-03-28 14:56:26] ✅ 远程仓库URL已正确配置
[2026-03-28 14:56:26] 📥 拉取最新更改...
[2026-03-28 14:56:28] ✅ 拉取成功
[2026-03-28 14:56:28] 🚀 推送到GitHub...
[2026-03-28 14:56:30] ✅ GitHub同步成功！
[2026-03-28 14:56:30] 📋 最新提交: c607709 [CHORE]: 演武场重筑自动同步
[2026-03-28 14:56:30] 📖 共同记忆已更新
[2026-03-28 14:56:30] 🎉 GitHub同步流程完成
[2026-03-28 14:56:30] 🩺 执行健康检查...
[2026-03-28 15:00:01] 🚀 开始GitHub同步
[2026-03-28 15:00:01] 🔍 检查Git状态...
[2026-03-28 15:00:01] 📝 发现未提交的更改
[2026-03-28 15:00:01] ⚠️  提交信息格式不符合规范，自动修正
[2026-03-28 15:00:01] ✅ 提交完成: [CHORE]: 演武场重筑自动同步
[2026-03-28 15:00:01] 🌐 配置远程仓库: oceanuf/amber-sentry-logs
[2026-03-28 15:00:01] ✅ 远程仓库URL已正确配置
[2026-03-28 15:00:01] 📥 拉取最新更改...
[2026-03-28 15:00:03] ✅ 拉取成功
[2026-03-28 15:00:03] 🚀 推送到GitHub...
[2026-03-28 15:00:06] ✅ GitHub同步成功！
[2026-03-28 15:00:06] 📋 最新提交: 72fedfd [CHORE]: 演武场重筑自动同步
[2026-03-28 15:00:06] 📖 共同记忆已更新
[2026-03-28 15:00:06] 🎉 GitHub同步流程完成
[2026-03-28 15:00:06] 🩺 执行健康检查...
[2026-03-28 15:10:59] 🚀 开始GitHub同步
[2026-03-28 15:10:59] 🔍 检查Git状态...
[2026-03-28 15:10:59] 📝 发现未提交的更改
[2026-03-28 15:10:59] ⚠️  提交信息格式不符合规范，自动修正
[2026-03-28 15:10:59] ✅ 提交完成: [CHORE]: 演武场重筑自动同步
[2026-03-28 15:10:59] 🌐 配置远程仓库: oceanuf/amber-sentry-logs
[2026-03-28 15:10:59] ✅ 远程仓库URL已正确配置
[2026-03-28 15:10:59] 📥 拉取最新更改...
[2026-03-28 15:11:07] ✅ 拉取成功
[2026-03-28 15:11:07] 🚀 推送到GitHub...
[2026-03-28 15:11:10] ✅ GitHub同步成功！
[2026-03-28 15:11:10] 📋 最新提交: d9790ac [CHORE]: 演武场重筑自动同步
[2026-03-28 15:11:10] 📖 共同记忆已更新
[2026-03-28 15:11:10] 🎉 GitHub同步流程完成
[2026-03-28 15:11:10] 🩺 执行健康检查...
[2026-03-28 15:15:02] 🚀 开始GitHub同步
[2026-03-28 15:15:02] 🔍 检查Git状态...
[2026-03-28 15:15:02] 📝 发现未提交的更改
[2026-03-28 15:15:02] ⚠️  提交信息格式不符合规范，自动修正
[2026-03-28 15:15:02] ✅ 提交完成: [CHORE]: 演武场重筑自动同步
[2026-03-28 15:15:02] 🌐 配置远程仓库: oceanuf/amber-sentry-logs
[2026-03-28 15:15:02] ✅ 远程仓库URL已正确配置
[2026-03-28 15:15:02] 📥 拉取最新更改...
[2026-03-28 15:15:03] ✅ 拉取成功
[2026-03-28 15:15:03] 🚀 推送到GitHub...
[2026-03-28 15:15:06] ✅ GitHub同步成功！
[2026-03-28 15:15:06] 📋 最新提交: b881430 [CHORE]: 演武场重筑自动同步
[2026-03-28 15:15:06] 📖 共同记忆已更新
[2026-03-28 15:15:06] 🎉 GitHub同步流程完成
[2026-03-28 15:15:06] 🩺 执行健康检查...
[2026-03-28 15:23:03] 🚀 开始GitHub同步
[2026-03-28 15:23:03] 🔍 检查Git状态...
[2026-03-28 15:23:03] 📝 发现未提交的更改
[2026-03-28 15:23:03] ✅ 提交完成: [FEAT]: 基于[2613-182号]规范同步缺失的日志与文件
[2026-03-28 15:23:03] 🌐 配置远程仓库: oceanuf/amber-sentry-logs
[2026-03-28 15:23:03] ✅ 远程仓库URL已正确配置
[2026-03-28 15:23:03] 📥 拉取最新更改...
[2026-03-28 15:23:04] ✅ 拉取成功
[2026-03-28 15:23:04] 🚀 推送到GitHub...
[2026-03-28 15:23:07] ✅ GitHub同步成功！
[2026-03-28 15:23:07] 📋 最新提交: 3bea849 [FEAT]: 基于[2613-182号]规范同步缺失的日志与文件
[2026-03-28 15:23:07] 📖 共同记忆已更新
[2026-03-28 15:23:07] 🎉 GitHub同步流程完成
[2026-03-28 15:23:07] 🩺 执行健康检查...
[2026-03-28 15:26:05] 🚀 开始GitHub同步
[2026-03-28 15:26:05] 🔍 检查Git状态...
[2026-03-28 15:26:05] 📝 发现未提交的更改
[2026-03-28 15:26:05] ⚠️  提交信息格式不符合规范，自动修正
[2026-03-28 15:26:05] ✅ 提交完成: [CHORE]: 演武场重筑自动同步
[2026-03-28 15:26:05] 🌐 配置远程仓库: oceanuf/amber-sentry-logs
[2026-03-28 15:26:05] ✅ 远程仓库URL已正确配置
[2026-03-28 15:26:05] 📥 拉取最新更改...
[2026-03-28 15:26:06] ✅ 拉取成功
[2026-03-28 15:26:06] 🚀 推送到GitHub...
[2026-03-28 15:26:08] ✅ GitHub同步成功！
[2026-03-28 15:26:08] 📋 最新提交: bbb5339 [CHORE]: 演武场重筑自动同步
[2026-03-28 15:26:08] 📖 共同记忆已更新
[2026-03-28 15:26:08] 🎉 GitHub同步流程完成
[2026-03-28 15:26:08] 🩺 执行健康检查...
[2026-03-28 15:30:01] 🚀 开始GitHub同步
[2026-03-28 15:30:01] 🔍 检查Git状态...
[2026-03-28 15:30:01] 📝 发现未提交的更改
[2026-03-28 15:30:01] ⚠️  提交信息格式不符合规范，自动修正
[2026-03-28 15:30:01] ✅ 提交完成: [CHORE]: 演武场重筑自动同步
[2026-03-28 15:30:01] 🌐 配置远程仓库: oceanuf/amber-sentry-logs
[2026-03-28 15:30:01] ✅ 远程仓库URL已正确配置
[2026-03-28 15:30:01] 📥 拉取最新更改...
[2026-03-28 15:30:03] ✅ 拉取成功
[2026-03-28 15:30:03] 🚀 推送到GitHub...
[2026-03-28 15:30:04] ✅ GitHub同步成功！
[2026-03-28 15:30:04] 📋 最新提交: 9df5f77 [CHORE]: 演武场重筑自动同步
[2026-03-28 15:30:04] 📖 共同记忆已更新
[2026-03-28 15:30:04] 🎉 GitHub同步流程完成
[2026-03-28 15:30:04] 🩺 执行健康检查...
[2026-03-28 15:41:03] 🚀 开始GitHub同步
[2026-03-28 15:41:03] 🔍 检查Git状态...
[2026-03-28 15:41:03] 📝 发现未提交的更改
[2026-03-28 15:41:03] ⚠️  提交信息格式不符合规范，自动修正
[2026-03-28 15:41:03] ✅ 提交完成: [CHORE]: 演武场重筑自动同步
[2026-03-28 15:41:03] 🌐 配置远程仓库: oceanuf/amber-sentry-logs
[2026-03-28 15:41:03] ✅ 远程仓库URL已正确配置
[2026-03-28 15:41:03] 📥 拉取最新更改...
[2026-03-28 15:41:04] ✅ 拉取成功
[2026-03-28 15:41:04] 🚀 推送到GitHub...
[2026-03-28 15:45:01] 🚀 开始GitHub同步
[2026-03-28 15:45:01] 🔍 检查Git状态...
[2026-03-28 15:45:01] 📝 发现未提交的更改
[2026-03-28 15:45:01] ⚠️  提交信息格式不符合规范，自动修正
[2026-03-28 15:45:01] ✅ 提交完成: [CHORE]: 演武场重筑自动同步
[2026-03-28 15:45:01] 🌐 配置远程仓库: oceanuf/amber-sentry-logs
[2026-03-28 15:45:01] ✅ 远程仓库URL已正确配置
[2026-03-28 15:45:01] 📥 拉取最新更改...
[2026-03-28 15:45:03] ✅ 拉取成功
[2026-03-28 15:45:03] 🚀 推送到GitHub...
[2026-03-28 15:45:04] ✅ GitHub同步成功！
[2026-03-28 15:45:04] 📋 最新提交: 92287d4 [CHORE]: 演武场重筑自动同步
[2026-03-28 15:45:04] 📖 共同记忆已更新
[2026-03-28 15:45:04] 🎉 GitHub同步流程完成
[2026-03-28 15:45:04] 🩺 执行健康检查...
[2026-03-28 15:46:47] 🚀 开始GitHub同步
[2026-03-28 15:46:47] 🔍 检查Git状态...
[2026-03-28 15:46:47] 📝 发现未提交的更改
