2026-03-25 19:23:33 - [AMBER_SENTRY] - INFO - 🔧 琥珀哨兵初始化完成
2026-03-25 19:23:33 - [AMBER_SENTRY] - INFO -   缓冲区: /home/luckyelite/.openclaw/workspace/amber_buffer.log
2026-03-25 19:23:33 - [AMBER_SENTRY] - INFO -   输出目录: /home/luckyelite/.openclaw/workspace/amber-engine/schedule/need_to_do
2026-03-25 19:23:33 - [AMBER_SENTRY] - INFO - 🚀 琥珀哨兵守护进程启动
2026-03-25 19:23:33 - [AMBER_SENTRY] - INFO -   轮询间隔: 10秒
2026-03-25 19:23:33 - [AMBER_SENTRY] - INFO -   按Ctrl+C停止
2026-03-25 19:23:33 - [AMBER_SENTRY] - INFO - 📊 检测到缓冲区变化: 0 → 1730 bytes
2026-03-25 19:23:33 - [AMBER_SENTRY] - INFO - 📦 找到 2 个命令块
2026-03-25 19:23:33 - [AMBER_SENTRY] - INFO - 📄 解析命令: 2613-069-TEST
2026-03-25 19:23:33 - [AMBER_SENTRY] - INFO - 📝 命令写入完成: 2613-069-TEST
2026-03-25 19:23:33 - [AMBER_SENTRY] - INFO -   目标文件: /home/luckyelite/.openclaw/workspace/amber-engine/schedule/need_to_do/2613-069.md
2026-03-25 19:23:33 - [AMBER_SENTRY] - INFO -   文件大小: 179 bytes
2026-03-25 19:23:33 - [AMBER_SENTRY] - INFO -   文件权限: 0o644
2026-03-25 19:23:33 - [AMBER_SENTRY] - INFO - ⏰ 时间戳验证: 内容TS=2026-03-25 13:10, 文件TS=2026-03-25 19:23
2026-03-25 19:23:33 - [AMBER_SENTRY] - WARNING - ⚠️  时间戳未对齐: 内容(2026-03-25 13:10) ≠ 系统(2026-03-25 19:23)
2026-03-25 19:23:33 - [AMBER_SENTRY] - INFO - ✅ 命令处理完成: 2613-069-TEST
2026-03-25 19:23:33 - [AMBER_SENTRY] - INFO - 📄 解析命令: 2613-070
2026-03-25 19:23:33 - [AMBER_SENTRY] - INFO - 📝 命令写入完成: 2613-070
2026-03-25 19:23:33 - [AMBER_SENTRY] - INFO -   目标文件: /home/luckyelite/.openclaw/workspace/amber-engine/schedule/need_to_do/2613-070.md
2026-03-25 19:23:33 - [AMBER_SENTRY] - INFO -   文件大小: 1132 bytes
2026-03-25 19:23:33 - [AMBER_SENTRY] - INFO -   文件权限: 0o644
2026-03-25 19:23:33 - [AMBER_SENTRY] - INFO - ✅ 命令处理完成: 2613-070
2026-03-25 19:23:33 - [AMBER_SENTRY] - INFO - 🔄 本轮处理完成: 2个命令
